2025-07-28 07:29:43,265 - INFO - 임베딩 모델 로딩 중: intfloat/multilingual-e5-small
2025-07-28 07:29:43,294 - INFO - Use pytorch device_name: cuda:0
2025-07-28 07:29:43,294 - INFO - Load pretrained SentenceTransformer: intfloat/multilingual-e5-small
2025-07-28 07:29:48,179 - INFO - 임베딩 모델 로딩 완료
2025-07-28 07:29:48,179 - INFO - 임베딩 프로세스 시작
2025-07-28 07:29:48,180 - INFO - 발견된 JSON 파일 수: 612
2025-07-28 07:29:48,199 - INFO - _의약품_제조판매_수입품목허가_및_허가사항_변경허가_업무__공무원_지침서__7개정.json: 5377개 텍스트 청크 추출
2025-07-28 07:29:48,204 - INFO - _임상시험용의약품_GMP_평가_가이드라인__민원인_안내서_.json: 1397개 텍스트 청크 추출
2025-07-28 07:29:48,217 - INFO - _가이드라인-005__정맥주사용_B형간염_사람면역글로불린제제의_안전성유효성_평가_가이드라인.json: 4020개 텍스트 청크 추출
2025-07-28 07:29:48,221 - INFO - _가이드라인-020__혈액제제의_핵산증폭검사법_검증_가이드라인.json: 936개 텍스트 청크 추출
2025-07-28 07:29:48,230 - INFO - _안내서-0286-05_임상시험용_한약_생약_제제의_품질_가이드라인_민원인_안내서_.json: 3043개 텍스트 청크 추출
2025-07-28 07:29:48,252 - INFO - _안내서-0637-02_체외진단용_시약_중_심장성_트로포닌_검사제품의_허가_심사_가이드라인.json: 8524개 텍스트 청크 추출
2025-07-28 07:29:48,272 - INFO - _안내서-0638-02_체외진단용_시약_중_뇌나트륨이뇨펩티드_검사제품의_허가_심사_가이드라인.json: 7200개 텍스트 청크 추출
2025-07-28 07:29:48,285 - INFO - _안내서-0641-02_암유전자_JAK2__체외진단용_의료기기_허가심사_가이드라인.json: 5261개 텍스트 청크 추출
2025-07-28 07:29:48,300 - INFO - _안내서-0642-02_암유전자_SEPT9__체외진단용_의료기기_허가심사_가이드라인_민원인_안내서_.json: 6153개 텍스트 청크 추출
2025-07-28 07:29:48,313 - INFO - _안내서-0643-02_암유전자_BRAF__체외진단용_의료기기_허가심사_가이드라인_민원인_안내서_.json: 4857개 텍스트 청크 추출
2025-07-28 07:29:48,327 - INFO - _안내서-0644-02_암유전자_MAGE3A__체외진단용_의료기기_허가심사_가이드라인_민원인_안내서_.json: 5332개 텍스트 청크 추출
2025-07-28 07:29:48,340 - INFO - _안내서-0645-02_암유전자_BCR-ABL1__체외진단용_의료기기_허가심사_가이드라인_민원인_안내서_.json: 5140개 텍스트 청크 추출
2025-07-28 07:29:48,367 - INFO - _안내서-0647-02_산전검사_중_풍진바이러스_Rubellavirus__체외진단용_의료기기_허가심사_가이드라인_민원인_안내서_.json: 10350개 텍스트 청크 추출
2025-07-28 07:29:48,387 - INFO - _안내서-0648-02_산전검사_중_단순포진바이러스_HSV__체외진단용_의료기기_허가심사_가이드라인_민원인_안내서_.json: 8438개 텍스트 청크 추출
2025-07-28 07:29:48,409 - INFO - _안내서-0649-02_산전검사_중_거대세포바이러스_CMV__체외진단용_의료기기_허가심사_가이드라인_민원인_안내서_.json: 9276개 텍스트 청크 추출
2025-07-28 07:29:48,425 - INFO - _안내서-0650-02_산전검사_중_톡소포자충바이러스_Toxoplasma_gondii__체외진단용_의료기기_허가심사_가이드라인_민원인_안내서_.json: 6280개 텍스트 청크 추출
2025-07-28 07:29:48,444 - INFO - _안내서-0651-02_ABO_혈액형_혈구형_혈청형_검사용_시약의_허가_심사_가이드라인_민원인_안내서_.json: 5973개 텍스트 청크 추출
2025-07-28 07:29:48,458 - INFO - _안내서-0654-02_분자유전학적_조직적합성_HLA_검사_시약의_허가심사_가이드라인_민원인-안내서_.json: 3815개 텍스트 청크 추출
2025-07-28 07:29:48,471 - INFO - _안내서-0657-01_의료기기의_품목류별_인증_신고_심사_가이드라인_민원인_안내서_.json: 4101개 텍스트 청크 추출
2025-07-28 07:29:48,502 - INFO - _안내서-0658-04_차세대염기서열분석_NGS__체외진단의료기기의_성능평가_가이드라인_최종.json: 8965개 텍스트 청크 추출
2025-07-28 07:29:48,524 - INFO - _안내서-0865-02__한약_생약_의_기준_미설정_잔류농약_적부판정_해설서_민원인안내서_.json: 7517개 텍스트 청크 추출
2025-07-28 07:29:48,549 - INFO - _안내서-0894-03__한약_생약_제제_비교용출시험_사례집_민원인안내서_.json: 7263개 텍스트 청크 추출
2025-07-28 07:29:48,558 - INFO - _안내서-1214-01__한약_생약_제제_벤조피렌_안전성_평가_및_자료작성_방법_민원인안내서__최종.json: 2717개 텍스트 청크 추출
2025-07-28 07:29:48,560 - INFO - _안내서-1241-01_한약_생약_제제_성분별_생동성시험_가이드라인_민원인안내서_.json: 570개 텍스트 청크 추출
2025-07-28 07:29:48,561 - INFO - 1__혈액제제_GMP_표준문서_모델_민원인_안내서_.json: 259개 텍스트 청크 추출
2025-07-28 07:29:48,581 - INFO - 1__바이오의약품_설계기반_품질고도화_QbD__모델_개발_안내서_민원인안내서__배포용.json: 6119개 텍스트 청크 추출
2025-07-28 07:29:48,593 - INFO - 1__의료기기_이물저감화_가이드라인_주사기_외통__1_.json: 4849개 텍스트 청크 추출
2025-07-28 07:29:48,605 - INFO - 1__의료기기_이물저감화_가이드라인_주사기_외통.json: 4849개 텍스트 청크 추출
2025-07-28 07:29:48,628 - INFO - 1__차세대_치과용_바이오임플란트_시스템_안전성_성능_및_임상시험계획서_평가_가이드라인_민원인_안내서_.json: 6323개 텍스트 청크 추출
2025-07-28 07:29:48,631 - INFO - 12_완제의약품_개봉_후_사용기간_설정을_위한_가이드라인_민원인안내서_.json: 789개 텍스트 청크 추출
2025-07-28 07:29:48,761 - INFO - 20170626_백신_임상평가_가이드라인_최종_.json: 5550개 텍스트 청크 추출
2025-07-28 07:29:48,777 - INFO - 13_우수의약품_개발_가이드라인_민원인안내서_.json: 4576개 텍스트 청크 추출
2025-07-28 07:29:48,790 - INFO - 15번__인공신장기용여과기의_허가_및_기술문서_작성을_위한_가이드라인_민원인_안내서_.json: 4167개 텍스트 청크 추출
2025-07-28 07:29:48,795 - INFO - 180508_원료의약품의_개발_및_제조_품질심사_가이드라인_질의응답집_안__배포용.json: 1909개 텍스트 청크 추출
2025-07-28 07:29:48,799 - INFO - 19-11_임상시험_대상자_동의설명서_작성_가이드라인.json: 1244개 텍스트 청크 추출
2025-07-28 07:29:48,804 - INFO - 1번__전동식부항기_및_전기식온구기_평가_가이드라인_민원인_안내서_.json: 2054개 텍스트 청크 추출
2025-07-28 07:29:48,816 - INFO - 2__의료기기_이물저감화_가이드라인_주사기_흡자__1_.json: 4697개 텍스트 청크 추출
2025-07-28 07:29:48,828 - INFO - 2__의료기기_이물저감화_가이드라인_주사기_흡자.json: 4697개 텍스트 청크 추출
2025-07-28 07:29:48,831 - INFO - 2__첨단바이오의약품_제제별_분류_해설서_2020_.json: 1317개 텍스트 청크 추출
2025-07-28 07:29:48,833 - INFO - 20170601_핵산증폭검사법을_이용한_마이코플라즈마_검출법_밸리데이션_가이드라인_안내서_.json: 864개 텍스트 청크 추출
2025-07-28 07:29:48,846 - INFO - 2020년_의약품허가특허연계_민원업무편람.json: 3683개 텍스트 청크 추출
2025-07-28 07:29:48,879 - INFO - 2020년_의약품허가특허연계제도_질의응답집.json: 10554개 텍스트 청크 추출
2025-07-28 07:29:48,915 - INFO - 2023_자주하는_질문집_의약품분야__민원인안내서_-최종본__1_.json: 7559개 텍스트 청크 추출
2025-07-28 07:29:48,950 - INFO - 2023_자주하는_질문집_의약품분야__민원인안내서_-최종본.json: 7559개 텍스트 청크 추출
2025-07-28 07:29:48,953 - INFO - 20231127_국소_적용_용해성_마이크로니들_일반의약품_개발_질의_응답집_민원인안내서_최종.json: 945개 텍스트 청크 추출
2025-07-28 07:29:48,972 - INFO - 21_제네릭의약품의_국제공통기술문서_품질요약자료_작성_가이드라인_민원인안내서_.json: 5666개 텍스트 청크 추출
2025-07-28 07:29:49,000 - INFO - 240222_의약품등_수입관리_기준_해설서_민원인_안내서__개정_홈페이지게시용_최종.json: 10175개 텍스트 청크 추출
2025-07-28 07:29:49,007 - INFO - 240222_의약품등_수입관리_기준_질의응답집_민원인안내서__개정_홈페이지게시용_최종.json: 1895개 텍스트 청크 추출
2025-07-28 07:29:49,018 - INFO - 3__의료기기_이물저감화_가이드라인_수액세트카테터_튜브__1_.json: 3639개 텍스트 청크 추출
2025-07-28 07:29:49,029 - INFO - 3__의료기기_이물저감화_가이드라인_수액세트카테터_튜브.json: 3639개 텍스트 청크 추출
2025-07-28 07:29:49,036 - INFO - 3__첨단바이오의약품_장기추적조사_가이드라인_2020_.json: 2406개 텍스트 청크 추출
2025-07-28 07:29:49,049 - INFO - 3__한약_생약_제제_허가_후_제조방법_변경관리_가이드라인_민원인안내서_.json: 4359개 텍스트 청크 추출
2025-07-28 07:29:49,072 - INFO - 3_백신임상이상반응_가이드_최종.json: 6137개 텍스트 청크 추출
2025-07-28 07:29:49,082 - INFO - 4__의료기기_이물저감화_가이드라인_소프트콘택트렌즈__1_.json: 3537개 텍스트 청크 추출
2025-07-28 07:29:49,092 - INFO - 4__의료기기_이물저감화_가이드라인_소프트콘택트렌즈.json: 3537개 텍스트 청크 추출
2025-07-28 07:29:49,112 - INFO - 4__자기장을_이용한_캡슐내시경_시스템_안전성_성능_및_임상시험계획서_평가_가이드라인_민원인_안내서_.json: 5678개 텍스트 청크 추출
2025-07-28 07:29:49,124 - INFO - 5__의료기기_이물저감화_가이드라인_검체채취용도구_몸체__1_.json: 4862개 텍스트 청크 추출
2025-07-28 07:29:49,136 - INFO - 5__의료기기_이물저감화_가이드라인_검체채취용도구_몸체.json: 4862개 텍스트 청크 추출
2025-07-28 07:29:49,146 - INFO - 7_의약품_품질_위해평가_가이드라인_민원인안내서_.json: 3271개 텍스트 청크 추출
2025-07-28 07:29:49,152 - INFO - 8__지지체를_포함하는_세포치료제_평가_가이드라인_2020_.json: 1806개 텍스트 청크 추출
2025-07-28 07:29:49,285 - INFO - 814_휴대용_혈액응고시간_측정시스템_안전성_성능_및_임상시험계획서_평가_가이드라인_민원인_안내서_.json: 5560개 텍스트 청크 추출
2025-07-28 07:29:49,308 - INFO - 815_출혈시간_및_항혈소판제제_저항성_복합검사기기_안전성_성능_및_임상시험계획서_평가_가이드라인_민원인_안내서_.json: 7011개 텍스트 청크 추출
2025-07-28 07:29:49,320 - INFO - 8번__주사기_허가_및_기술문서_작성을_위한_가이드라인_민원인_안내서_.json: 3081개 텍스트 청크 추출
2025-07-28 07:29:49,323 - INFO - G-CSF_동등생물의약품_비임상_및_임상_평가_가이드라인_최종.json: 907개 텍스트 청크 추출
2025-07-28 07:29:49,326 - INFO - E-004_임상시험_피해자_보상에_대한_규약_및_절차_마련을_위한_가이드라인_민원인_안내서__개정판.json: 897개 텍스트 청크 추출
2025-07-28 07:29:49,328 - INFO - GRP-MaPP-기타업무-01_의약품_심층검토_Peer_review_진행절차_7개정__v3_3_등록번호_.json: 805개 텍스트 청크 추출
2025-07-28 07:29:49,341 - INFO - GRP-MaPP-심사기준-12_생물학적동등성시험_계획_변경_승인_검토서_작성기준_10개정_.json: 6241개 텍스트 청크 추출
2025-07-28 07:29:49,344 - INFO - GRP-MaPP-심사기준-18_이화학적동등성시험_검토서_작성기준__5개정_.json: 637개 텍스트 청크 추출
2025-07-28 07:29:49,349 - INFO - GRP-MaPP-심사기준-16_의약품동등성시험_신뢰성_조사_지원_업무_7개정_.json: 1810개 텍스트 청크 추출
2025-07-28 07:29:49,357 - INFO - GRP-MaPP-심사기준-23_위해성_관리_계획_검토서_작성기준_4개정_.json: 2553개 텍스트 청크 추출
2025-07-28 07:29:49,362 - INFO - GRP-MaPP-심사기준-26_의약품의_위해성_관리_계획_평가시_일반적_고려사항_1개정_.json: 1441개 텍스트 청크 추출
2025-07-28 07:29:49,367 - INFO - GRP-MaPP-심사기준-27_생물약제학적분류체계_검토서_작성기준_2개정_.json: 1398개 텍스트 청크 추출
2025-07-28 07:29:49,372 - INFO - GRP-MaPP-심사기준-신속심사_지정_검토서_작성기준_2개정_230905.json: 1470개 텍스트 청크 추출
2025-07-28 07:29:49,382 - INFO - GRP-MaPP-정보공개-01_의약품_허가심사결과_정보공개_업무_17개정_.json: 3061개 텍스트 청크 추출
2025-07-28 07:29:49,384 - INFO - GRP-MaPP-허가업무-00_개량신약_인정제도_운영지침_3개정_.json: 542개 텍스트 청크 추출
2025-07-28 07:29:49,407 - INFO - GRP-MaPP-허가업무-01_의약품_허가사항_검토시_일반적_고려사항_13개정_.json: 8645개 텍스트 청크 추출
2025-07-28 07:29:49,412 - INFO - GRP-MaPP-허가업무-02_일반의약품_허가사항_심사시_일반적_고려사항_6개정_.json: 1507개 텍스트 청크 추출
2025-07-28 07:29:49,421 - INFO - GRP-MaPP-허가업무-07_의약품_허가사항_변경명령_통일조정__업무_7개정안_.json: 3316개 텍스트 청크 추출
2025-07-28 07:29:49,423 - INFO - GRP-MaPP-허가업무-07_의약품_허가증_및_등록증_재발급_업무_3개정_.json: 587개 텍스트 청크 추출
2025-07-28 07:29:49,426 - INFO - GRP-MaPP-허가업무-08_의약품_품목_자진취하_수리_업무.json: 764개 텍스트 청크 추출
2025-07-28 07:29:49,428 - INFO - GRP-MaPP-허가업무-10-의약품_임상시험계획_변경_승인_신청_시_심사_절차_10개정_.json: 833개 텍스트 청크 추출
2025-07-28 07:29:49,442 - INFO - INCB_제출_통계자료_작성_지침서_개정_공무원_지침서__개정_.json: 3979개 텍스트 청크 추출
2025-07-28 07:29:49,451 - INFO - MDSAP_심사결과_활용_가이드라인_제정_최종_.json: 3100개 텍스트 청크 추출
2025-07-28 07:29:49,466 - INFO - MDSAP_심사모델_가이드라인_치과용임플란트_고정체_외_2종_민원인_안내서___1_.json: 6368개 텍스트 청크 추출
2025-07-28 07:29:49,483 - INFO - MDSAP_심사모델_가이드라인_치과용임플란트_고정체_외_2종_민원인_안내서_.json: 6368개 텍스트 청크 추출
2025-07-28 07:29:49,488 - INFO - _5210_06B_의약품_품목허가신청서_중_의료기기_첨부물__심사_및_검토의뢰_절차_개정.json: 1516개 텍스트 청크 추출
2025-07-28 07:29:49,494 - INFO - _5210_08B__국가출하승인의약품_시험법_검토절차_및_고려사항_공무원_지침서__Rev_1_.json: 1686개 텍스트 청크 추출
2025-07-28 07:29:49,498 - INFO - _5300_04__국가출하승인서_영문증명_발급_절차_공무원_지침서__Rev_2_.json: 1361개 텍스트 청크 추출
2025-07-28 07:29:49,501 - INFO - _5300_10__생물학적제제의_다기관_숙련도_프로그램_운영_절차_공무원_지침서__Rev_1_.json: 1283개 텍스트 청크 추출
2025-07-28 07:29:49,504 - INFO - _5300_11B__위기_대응_국가출하승인_전담조직_구성_및_운영_절차_공무원_지침서__Rev_1_.json: 854개 텍스트 청크 추출
2025-07-28 07:29:49,507 - INFO - _5330_01__동물_신청_및_수령_절차_공무원_지침서__Rev_4_.json: 859개 텍스트 청크 추출
2025-07-28 07:29:49,512 - INFO - _5350_01_생물의약품의_국제표준품_확보_및_관리절차.json: 1551개 텍스트 청크 추출
2025-07-28 07:29:49,514 - INFO - _GRP-Mapp-심사기준-28__허가외_사용_의약품_평가_절차.json: 569개 텍스트 청크 추출
2025-07-28 07:29:49,520 - INFO - _안내서-0065-01__분획용_혈장_마스터_파일_가이드라인_민원인_안내서_.json: 2416개 텍스트 청크 추출
2025-07-28 07:29:49,524 - INFO - _안내서-0327-01_인슐린_동등생물의약품_비임상_및_임상_평가_가이드라인.json: 1345개 텍스트 청크 추출
2025-07-28 07:29:49,525 - INFO - _안내서-0069-01__바이러스_오염우려_혈장_및_혈장분획제제_위험인자별_처리_지침_민원인_안내서_.json: 309개 텍스트 청크 추출
2025-07-28 07:29:49,528 - INFO - _안내서-0318-01_에리스로포이에틴_동등생물의약품의_비임상_및_임상_평가_가이드라인.json: 930개 텍스트 청크 추출
2025-07-28 07:29:49,540 - INFO - _안내서-1213-01_코로나19_유전자재조합_백신_국가출하승인_가이드라인.json: 3761개 텍스트 청크 추출
2025-07-28 07:29:49,544 - INFO - _안내서_암치료를_위한_수지상_세포치료제_평가시_고려사항.json: 1488개 텍스트 청크 추출
2025-07-28 07:29:49,561 - INFO - _안내서_의약품제조용_LMO_관련규정_해설서.json: 5518개 텍스트 청크 추출
2025-07-28 07:29:49,570 - INFO - _지침서-0061-01__국내_혈장_룩백_Look-Back__업무_처리_절차_공무원_지침서_.json: 2966개 텍스트 청크 추출
2025-07-28 07:29:49,573 - INFO - _지침서-0065-01_생물의약품등_수거_검사의뢰_수행절차_공무원_지침서_.json: 852개 텍스트 청크 추출
2025-07-28 07:29:49,595 - INFO - _지침서-0066-01__원료혈장제조업소_등_실태조사_가이드라인.json: 7146개 텍스트 청크 추출
2025-07-28 07:29:49,623 - INFO - _지침서-0067-01__원료혈장_제조업소_등_실태조사_수행_절차_rev3_.json: 10118개 텍스트 청크 추출
2025-07-28 07:29:49,626 - INFO - _지침서-0074-01__5570_05Q_의약외품_생산실적_및_수입실적_처리_절차_공무원_지침서_.json: 1129개 텍스트 청크 추출
2025-07-28 07:29:49,630 - INFO - _지침서-1031-01_의약품_허가_후_제조방법_변경관리_심사자료_평가_시_일반적_고려사항.json: 1359개 텍스트 청크 추출
2025-07-28 07:29:49,636 - INFO - grp-mapp-심사기준-02_의약품_안전성유효성_심사자료_평가시_일반적_고려사항_7개정_.json: 2239개 텍스트 청크 추출
2025-07-28 07:29:49,644 - INFO - grp-mapp-심사기준-14_의약품동등성시험_심사자료_평가시_일반적_고려사항_8개정_.json: 2371개 텍스트 청크 추출
2025-07-28 07:29:49,648 - INFO - grp-mapp-심사기준-15_의약품동등성시험_검토서_작성기준_10개정_.json: 1201개 텍스트 청크 추출
2025-07-28 07:29:49,652 - INFO - _의약품_사용상의_주의사항_중_임상시험_정보_기재_지침_최종.json: 1488개 텍스트 청크 추출
2025-07-28 07:29:49,658 - INFO - _의약품_심사_지침서등의_운영_5개정__GRP-MaPP-기타업무-07_.json: 1774개 텍스트 청크 추출
2025-07-28 07:29:49,662 - INFO - _의약품_점자표시_등에_대한_가이드라인.json: 1399개 텍스트 청크 추출
2025-07-28 07:29:49,682 - INFO - _의약품_중_변이원성_발암성_불순물_안전관리_가이드라인_배포용_.json: 7387개 텍스트 청크 추출
2025-07-28 07:29:49,688 - INFO - _의약품_품질감시_계획수립_및_수행_절차__공무원지침서_.json: 1671개 텍스트 청크 추출
2025-07-28 07:29:49,691 - INFO - __공중보건_위기대응_의약품의_긴급사용승인_및_관리_공무원지침서_.json: 966개 텍스트 청크 추출
2025-07-28 07:29:49,693 - INFO - _일회용_점안제_안전관리_가이드라인_민원인_안내서_-안내서-1104-01.json: 548개 텍스트 청크 추출
2025-07-28 07:29:49,694 - INFO - _주사제_포장유형_안내_가이드라인_민원인_안내서_.json: 560개 텍스트 청크 추출
2025-07-28 07:29:49,698 - INFO - _수입요건확인_면제대상_물품_중_의약품등의_추천요령_업무처리_지침_공무원지침서_.json: 1021개 텍스트 청크 추출
2025-07-28 07:29:49,846 - INFO - _식품_의료제품_등_위해정보_관리_매뉴얼__개정_2023_12_28__.json: 8341개 텍스트 청크 추출
2025-07-28 07:29:49,855 - INFO - _원료물질_취급업무_가이드라인_민원인_안내서__.json: 2517개 텍스트 청크 추출
2025-07-28 07:29:49,860 - INFO - _유산균제제_품질확보를_위한_규격설정_가이드라인_민원인안내서__.json: 1090개 텍스트 청크 추출
2025-07-28 07:29:49,866 - INFO - _의약외품_생리대_허가심사_질의응답집__민원인_안내서_.json: 2541개 텍스트 청크 추출
2025-07-28 07:29:49,877 - INFO - _의약품_용기_포장의_표시_등에_대한_질의_응답집__개정__23_6__최종.json: 3667개 텍스트 청크 추출
2025-07-28 07:29:49,882 - INFO - _의약품_중_유전독성_불순물_평가_및_관리_질의응답집_민원인안내서____1_.json: 1871개 텍스트 청크 추출
2025-07-28 07:29:49,887 - INFO - _의약품_중_유전독성_불순물_평가_및_관리_질의응답집_민원인안내서__.json: 1871개 텍스트 청크 추출
2025-07-28 07:29:49,903 - INFO - _의약품_중_유전독성_불순물_평가_사례집_민원인안내서____1_.json: 4309개 텍스트 청크 추출
2025-07-28 07:29:49,918 - INFO - _의약품_중_유전독성_불순물_평가_사례집_민원인안내서__.json: 4309개 텍스트 청크 추출
2025-07-28 07:29:49,918 - INFO - _의약품등의_독성시험기준__해설서_책자.json: 1개 텍스트 청크 추출
2025-07-28 07:29:49,925 - INFO - _의약품의_시판_후_정기적인_안전성정보_보고_검토지침_공무원지침서___본문.json: 1879개 텍스트 청크 추출
2025-07-28 07:29:49,928 - INFO - _의치_치아교정기_세정제_효력평가법__가이드라인_민원인_안내서__.json: 855개 텍스트 청크 추출
2025-07-28 07:29:49,940 - INFO - _임상시험_비대면_실태조사_가이드라인__민원인안내서_.json: 3970개 텍스트 청크 추출
2025-07-28 07:29:49,943 - INFO - _첨단바이오의약품_장기추적조사의_중대한_이상사례_검토_및_처리절차_공무원_지침서__.json: 1001개 텍스트 청크 추출
2025-07-28 07:29:49,947 - INFO - _첨단재생바이오법_자주묻는_질의응답집_첨단바이오의약품_장기추적조사_분야__민원인안내서_.json: 1418개 텍스트 청크 추출
2025-07-28 07:29:49,957 - INFO - _코로나19_치료제_in_vivo_효력시험법_민원인_안내서___제정.json: 4162개 텍스트 청크 추출
2025-07-28 07:29:49,999 - INFO - _코로나19_치료제_안전성유효성_심사관련_질의_응답집_항바이러스제___배포용.json: 14871개 텍스트 청크 추출
2025-07-28 07:29:50,003 - INFO - _한약_생약_제제_개발_상담_사례집_민원인_안내서____1_.json: 949개 텍스트 청크 추출
2025-07-28 07:29:50,006 - INFO - _한약_생약_제제_개발_상담_사례집_민원인_안내서__.json: 949개 텍스트 청크 추출
2025-07-28 07:29:50,011 - INFO - 개인_맞춤형_신생항원_치료제_개발시_고려사항_가이드라인_배포.json: 1626개 텍스트 청크 추출
2025-07-28 07:29:50,017 - INFO - 경증_중등증_대상_코로나19_항바이러스_치료제_임상시험_가이드라인_개정_최종.json: 1780개 텍스트 청크 추출
2025-07-28 07:29:50,020 - INFO - 국가출하승인_의약품_제조_및_품질관리_요약서_양식의_사전검토_접수_및_처리_절차_공무원지침서__3개정_.json: 1056개 텍스트 청크 추출
2025-07-28 07:29:50,022 - INFO - 국가출하승인의약품의_검정_부적합_시_사후조치에_대한_세부지침_공무원_지침서_.json: 379개 텍스트 청크 추출
2025-07-28 07:29:50,026 - INFO - 멸균_의약외품의_평가_가이드라인_민원인_안내서_.json: 1280개 텍스트 청크 추출
2025-07-28 07:29:50,031 - INFO - 기술문서_심사_시_부서_검토_의뢰_절차에_관한_업무_공무원지침서_.json: 2274개 텍스트 청크 추출
2025-07-28 07:29:50,033 - INFO - 모발용_의료기기_임상시험_평가_지침__민원인_안내서_.json: 755개 텍스트 청크 추출
2025-07-28 07:29:50,038 - INFO - 무균공정_밸리데이션_가이드라인_민원인_안내서_.json: 2085개 텍스트 청크 추출
2025-07-28 07:29:50,052 - INFO - 물요법장치_기술문서_작성을_위한_가이드라인_민원인_안내서_.json: 4522개 텍스트 청크 추출
2025-07-28 07:29:50,055 - INFO - 미셀제제_개발을_위한_가이드라인_민원인_안내서_.json: 1429개 텍스트 청크 추출
2025-07-28 07:29:50,057 - INFO - 바이오의약품_GMP_사전검토_지침_공무원_지침서_.json: 356개 텍스트 청크 추출
2025-07-28 07:29:50,066 - INFO - 바이오의약품_이물검사_관리_가이드라인_최종.json: 2917개 텍스트 청크 추출
2025-07-28 07:29:50,079 - INFO - 바이오의약품_제조공정_밸리데이션_가이드라인_민원인_안내서_.json: 3775개 텍스트 청크 추출
2025-07-28 07:29:50,084 - INFO - 바이오의약품_제조소_유전자변형생물체_LMO__관리_가이드라인_배포용.json: 2038개 텍스트 청크 추출
2025-07-28 07:29:50,094 - INFO - 바이오의약품_품목허가_시_다빈도_보완사례집_안내서-1325-01__-_배포.json: 2731개 텍스트 청크 추출
2025-07-28 07:29:50,155 - INFO - 방사성의약품_제조_및_품질관리기준_GMP__가이던스_민원인_안내서_.json: 19026개 텍스트 청크 추출
2025-07-28 07:29:50,161 - INFO - 방사성의약품_제조_및_품질관리기준_질의응답집_민원인_안내서_.json: 1428개 텍스트 청크 추출
2025-07-28 07:29:50,183 - INFO - 백내장_수술에_활용되는_인공수정체의_지지를_위한_안구영역임플란트_안전성_성능_및_임상시험계획서_평가_가이드라인__민원인_안내서_.json: 6982개 텍스트 청크 추출
2025-07-28 07:29:50,187 - INFO - 백신_등_안정_공급_업무_지침서_배포_.json: 1041개 텍스트 청크 추출
2025-07-28 07:29:50,215 - INFO - 백신_위해성_관리_계획_사례집.json: 7961개 텍스트 청크 추출
2025-07-28 07:29:50,235 - INFO - 백신_표시라벨_가이드라인_민원인_안내서_.json: 7811개 텍스트 청크 추출
2025-07-28 07:29:50,252 - INFO - 범용전기수술기의_기술문서_작성을_위한_가이드라인_민원인_안내서_.json: 7157개 텍스트 청크 추출
2025-07-28 07:29:50,256 - INFO - 범용전동식진료대_품목신고서_작성을_위한_가이드라인.json: 1324개 텍스트 청크 추출
2025-07-28 07:29:50,269 - INFO - 범용주입배액용튜브카테터_기술문서_작성을_위한_가이드라인_민원인안내서_.json: 4216개 텍스트 청크 추출
2025-07-28 07:29:50,274 - INFO - 비교용출시험_가이드라인_개정_.json: 1498개 텍스트 청크 추출
2025-07-28 07:29:50,412 - INFO - 범용초음파영상진단장치의_기술문서_작성을_위한_가이드라인_민원인_안내서_.json: 6220개 텍스트 청크 추출
2025-07-28 07:29:50,425 - INFO - 범용풍선카테터의_기술문서_작성을_위한_가이드라인_민원인_안내서_.json: 4570개 텍스트 청크 추출
2025-07-28 07:29:50,429 - INFO - 별첨_1__혈액제제_GMP_표준문서_모델_제품표준서_농축적혈구_.json: 1158개 텍스트 청크 추출
2025-07-28 07:29:50,430 - INFO - 별첨_1-1__제품표준서_서식1__제조지시_및_기록서_농축적혈구_.json: 476개 텍스트 청크 추출
2025-07-28 07:29:50,435 - INFO - 별첨_2__혈액제제_GMP_표준문서_모델_품질관리_기준서.json: 1921개 텍스트 청크 추출
2025-07-28 07:29:50,441 - INFO - 별첨_3__혈액제제_GMP_표준문서_모델_제조관리_기준서.json: 1874개 텍스트 청크 추출
2025-07-28 07:29:50,444 - INFO - 별첨_4__혈액제제_GMP_표준문서_모델_제조위생관리_기준서.json: 1202개 텍스트 청크 추출
2025-07-28 07:29:50,454 - INFO - 보건용_마스크_기준_규격에_대한_가이드라인_민원인_안내서_.json: 2349개 텍스트 청크 추출
2025-07-28 07:29:50,462 - INFO - 보건의료에서_수은_체온계_및_혈압계의_대체_가이드라인_민원인_안내서_.json: 3387개 텍스트 청크 추출
2025-07-28 07:29:50,501 - INFO - 보툴리눔_독소제제_심사_시_고려사항_민원인_안내서_.json: 9376개 텍스트 청크 추출
2025-07-28 07:29:50,505 - INFO - 복제가능_레트로바이러스_평가_가이드라인_민원인_안내서_.json: 1398개 텍스트 청크 추출
2025-07-28 07:29:50,517 - INFO - 부가중합형폴리비닐실리콘인상재_기술문서_작성을_위한_가이드라인_민원인안내서_.json: 3834개 텍스트 청크 추출
2025-07-28 07:29:50,542 - INFO - 부분흡수성이식용메쉬의국제표준화기술문서_STED_작성가이드라인.json: 10124개 텍스트 청크 추출
2025-07-28 07:29:50,571 - INFO - 불면증_개선_디지털치료기기_안전성_성능_평가_및_임상시험계획서_작성_가이드라인_민원인_안내서_.json: 9072개 텍스트 청크 추출
2025-07-28 07:29:50,594 - INFO - 불활화_바이러스_백신의_자가_기준_및_시험방법_작성_해설서_안내서-0275-01_.json: 7170개 텍스트 청크 추출
2025-07-28 07:29:50,610 - INFO - 불활화_폴리오_백신_평가_가이드라인_최종_.json: 5198개 텍스트 청크 추출
2025-07-28 07:29:50,619 - INFO - 붙임1__복합제_임상시험_가이드라인___민원인안내서__개정.json: 2927개 텍스트 청크 추출
2025-07-28 07:29:50,629 - INFO - 붙임1_다중_평가변수를_사용하는_임상시험_가이드라인_민원인_안내서_.json: 3125개 텍스트 청크 추출
2025-07-28 07:29:50,642 - INFO - 붙임_심혈관계_안전성_임상평가_가이드라인_개정.json: 3644개 텍스트 청크 추출
2025-07-28 07:29:50,668 - INFO - 이행관리_안내서_최종__16절.json: 6140개 텍스트 청크 추출
2025-07-28 07:29:50,671 - INFO - 비강에_국소적으로_작용하는_제제의_동등성_평가_가이드라인_민원인_안내서__제정.json: 1088개 텍스트 청크 추출
2025-07-28 07:29:50,682 - INFO - 비금속제근관포스트의_허가_인증__및_기술문서_작성_가이드라인_민원인안내서_.json: 4073개 텍스트 청크 추출
2025-07-28 07:29:50,698 - INFO - 비뇨기과용범용튜브_카테터_인증_및_기술문서_작성을_위한_가이드라인_민원인안내서_.json: 4957개 텍스트 청크 추출
2025-07-28 07:29:50,704 - INFO - 비말차단용_마스크_기준_및_시험방법_작성을_위한_가이드라인__민원인_안내서_.json: 1849개 텍스트 청크 추출
2025-07-28 07:29:50,714 - INFO - 비씨지백신_품질_및_안전성_유효성_평가_가이드라인_민원인_안내서_.json: 2957개 텍스트 청크 추출
2025-07-28 07:29:50,727 - INFO - 비이식형혈관접속용기구_기술문서_작성을_위한_가이드라인_민원인안내서_.json: 3970개 텍스트 청크 추출
2025-07-28 07:29:50,757 - INFO - 비임상시험관리기준_해설서_최종본_.json: 13202개 텍스트 청크 추출
2025-07-28 07:29:50,772 - INFO - 비흡수성봉합사성능및안전성평가에관한가이드라인.json: 4487개 텍스트 청크 추출
2025-07-28 07:29:50,785 - INFO - 비흡수성이식용메쉬_허가_심사_가이드라인.json: 3847개 텍스트 청크 추출
2025-07-28 07:29:50,923 - INFO - 비흡수성체내용스태플_및_스태플용기구_허가_심사_가이드라인.json: 4392개 텍스트 청크 추출
2025-07-28 07:29:50,936 - INFO - 비흡수성체내용스태플기술문서작성을위한가이드라인.json: 3433개 텍스트 청크 추출
2025-07-28 07:29:50,950 - INFO - 비흡수성합성폴리머재료_기술문서_작성을_위한_가이드라인.json: 4634개 텍스트 청크 추출
2025-07-28 07:29:50,954 - INFO - 사용자_편의_및_안전성을_고려한_수동식휠체어_변경_허용범위_가이드라인__민원인_안내서__안내서-1356-01__2024_4_30__.json: 1010개 텍스트 청크 추출
2025-07-28 07:29:50,960 - INFO - 사용자_편의_및_안전성을_고려한_전동식휠체어_변경_허용범위_가이드라인__민원인_안내서_.json: 2102개 텍스트 청크 추출
2025-07-28 07:29:51,047 - INFO - 사용적합성_적용_가이드라인_안과영상검출진단보조소프트웨어__민원인안내서_.json: 35299개 텍스트 청크 추출
2025-07-28 07:29:51,113 - INFO - 사용적합성_적용_가이드라인_인지치료소프트웨어__민원인안내서_.json: 25661개 텍스트 청크 추출
2025-07-28 07:29:51,129 - INFO - 사지압박순환장치_기술문서_작성을_위한_가이드라인_민원인_안내서_.json: 4353개 텍스트 청크 추출
2025-07-28 07:29:51,133 - INFO - 산제_및_과립제의_의약품동등성시험에_대한_질의응답집_민원인안내서_.json: 1092개 텍스트 청크 추출
2025-07-28 07:29:51,149 - INFO - 새로운_식품원료의_안전성_평가_해설서__민원인_안내서__17_5_31_.json: 5831개 텍스트 청크 추출
2025-07-28 07:29:51,179 - INFO - 생검_및_치료용_바늘_삽입형_영상중재시술_로봇시스템_안전성_성능_및_임상시험계획서_평가_가이드라인_안___민원인_안내서_.json: 7884개 텍스트 청크 추출
2025-07-28 07:29:51,206 - INFO - 생물의약품의_제조방법_변경에_따른_비교등동성_평가_가이드라인_개정_최종.json: 9791개 텍스트 청크 추출
2025-07-28 07:29:51,237 - INFO - 생물학적_제제_등_보관_및_수송_관리_가이드라인_2023_12__.json: 12942개 텍스트 청크 추출
2025-07-28 07:29:51,270 - INFO - 생물학적제제_제조소_생물안전_평가지침_공무원지침서__최종.json: 12239개 텍스트 청크 추출
2025-07-28 07:29:51,273 - INFO - 생물학적제제의_수거검사_절차_공무원지침서__2개정_.json: 860개 텍스트 청크 추출
2025-07-28 07:29:51,293 - INFO - 생체시료_분석법_밸리데이션_및_시험검체_분석_가이드라인_민원인안내서__최종.json: 5625개 텍스트 청크 추출
2025-07-28 07:29:51,301 - INFO - 생체시료_분석법_밸리데이션_및_시험검체_분석_가이드라인_질의응답집_민원인안내서_.json: 2598개 텍스트 청크 추출
2025-07-28 07:29:51,448 - INFO - 섭식장애_개선_디지털치료기기_안전성_성능_평가_및_임상시험계획서_작성_가이드라인__1_.json: 7346개 텍스트 청크 추출
2025-07-28 07:29:51,472 - INFO - 섭식장애_개선_디지털치료기기_안전성_성능_평가_및_임상시험계획서_작성_가이드라인.json: 7346개 텍스트 청크 추출
2025-07-28 07:29:51,477 - INFO - 세포치료제_세포은행_평가_가이드라인__민원인안내서_.json: 1418개 텍스트 청크 추출
2025-07-28 07:29:51,480 - INFO - 소화성궤양_치료제_임상시험_가이드라_민원인_안내서_.json: 1062개 텍스트 청크 추출
2025-07-28 07:29:51,489 - INFO - 수입_원료의약품_GMP_증명서_요건_세부지침_최종_.json: 2269개 텍스트 청크 추출
2025-07-28 07:29:51,515 - INFO - 수입의료기기_제조소_GMP_심사_세부운영_가이드라인_공무원_지침서__지침서-0088-04_.json: 7566개 텍스트 청크 추출
2025-07-28 07:29:51,541 - INFO - 수입체외진단의료기기_제조소_GMP_심사_세부운영_지침_공무원_지침서__지침서-973-01_.json: 7228개 텍스트 청크 추출
2025-07-28 07:29:51,542 - INFO - 실험동물운영위원회_IACUC__운영_가이드라인.json: 1개 텍스트 청크 추출
2025-07-28 07:29:51,544 - INFO - 안내서-0148-01체중조절약_임상시험_가이드라인.json: 673개 텍스트 청크 추출
2025-07-28 07:29:51,546 - INFO - 안내서-0150-01발모제_임상시험_가이드라인.json: 875개 텍스트 청크 추출
2025-07-28 07:29:51,548 - INFO - 안내서-0151-01치아미백제_임상시험_가이드라인.json: 598개 텍스트 청크 추출
2025-07-28 07:29:51,551 - INFO - 안내서-0153-01위염_치료제_임상시험_가이드라인.json: 858개 텍스트 청크 추출
2025-07-28 07:29:51,554 - INFO - 안내서-0154-01호르몬대체요법제_임상시험_가이드라인.json: 859개 텍스트 청크 추출
2025-07-28 07:29:51,557 - INFO - 안내서-0156-01폐경후_여성_골다공증_예방_및_치료제_임상시험_가이드라인.json: 1232개 텍스트 청크 추출
2025-07-28 07:29:51,566 - INFO - 안내서-0157-01약물상호작용연구_및_표시기재_가이드라인.json: 2389개 텍스트 청크 추출
2025-07-28 07:29:51,574 - INFO - 안내서-0168-01의약품_용기_및_포장_적합성_평가_해설서.json: 2160개 텍스트 청크 추출
2025-07-28 07:29:51,580 - INFO - 안내서-0173-01의약품의_환자용_사용설명서_작성_해설서.json: 1934개 텍스트 청크 추출
2025-07-28 07:29:51,589 - INFO - 안내서-0176-01_우울증치료제_임상시험_가이드라인.json: 4008개 텍스트 청크 추출
2025-07-28 07:29:51,598 - INFO - 안내서-0177-01_범불안장애_치료제_임상시험_가이드라인_순환계약품과.json: 3720개 텍스트 청크 추출
2025-07-28 07:29:51,604 - INFO - 안내서-0180-01_정신분열병_치료제_임상시험_가이드라인_순환계약품과.json: 2492개 텍스트 청크 추출
2025-07-28 07:29:51,616 - INFO - 안내서-0183-01_용량-반응시험_가이드라인_순환계약품과.json: 4709개 텍스트 청크 추출
2025-07-28 07:29:51,625 - INFO - 안내서-0185-01_임상약리시험_가이드라인_순환계약품과.json: 3617개 텍스트 청크 추출
2025-07-28 07:29:51,628 - INFO - 안내서-0186-01_의약품_안전성약리시험_가이드라인_순환계약품과.json: 1351개 텍스트 청크 추출
2025-07-28 07:29:51,633 - INFO - 안내서-0189-01_의약품의_면역독성시험_가이드라인_순환계약품과.json: 1799개 텍스트 청크 추출
2025-07-28 07:29:51,639 - INFO - 안내서-0195-01_진통제_임상시험_가이드라인_순환계약품과.json: 2550개 텍스트 청크 추출
2025-07-28 07:29:51,648 - INFO - 안내서-0200-01-제조방법_변경에_따른_의약품동등성시험_가이드라인_민원인_안내서_.json: 2434개 텍스트 청크 추출
2025-07-28 07:29:51,734 - INFO - 안내서-0201-01_제네릭의약품의_국제공통기술문서_작성_해설서_민원인_안내서_.json: 24258개 텍스트 청크 추출
2025-07-28 07:29:51,741 - INFO - 안내서-0228-01_희귀질환등_소집단_대상_임상시험_가이드라인.json: 1526개 텍스트 청크 추출
2025-07-28 07:29:51,762 - INFO - 안내서-0231-01_방사성의약품_품목허가를_위한_안내서_종양약품과.json: 7035개 텍스트 청크 추출
2025-07-28 07:29:51,791 - INFO - 알기쉬운_GMP_용어집_민원인_안내서_.json: 13196개 텍스트 청크 추출
2025-07-28 07:29:51,798 - INFO - 안내서-0234-01_임상_약물유전체학___초기_임상시험에서_활용_및_허가사항_기재에_대한_가이드라인_종양약품과.json: 2041개 텍스트 청크 추출
2025-07-28 07:29:51,802 - INFO - 안내서-0236-01_항암제_비임상시험_가이드라인_종양약품과.json: 1224개 텍스트 청크 추출
2025-07-28 07:29:51,807 - INFO - 안내서-0241-01_의약품_임상시험_시_성별_고려사항_가이드라인_종양약품과.json: 1464개 텍스트 청크 추출
2025-07-28 07:29:51,812 - INFO - 안내서-0243-01_약물유전체_생체지표_적격성_평가_가이드라인_종양약품과.json: 1743개 텍스트 청크 추출
2025-07-28 07:29:51,814 - INFO - 안내서-0244-01_장기투여_의약품의_임상적_안전성_평가_가이드라인_종양약품과.json: 667개 텍스트 청크 추출
2025-07-28 07:29:51,821 - INFO - 안내서-0248-01_폐결핵_치료제_임상시험_평가_가이드라인_종양약품과.json: 2465개 텍스트 청크 추출
2025-07-28 07:29:51,830 - INFO - 안내서-0251-01_항생제_임상용량_설정시_약동학_약력학_활용_가이드라인-최종_종양약품과.json: 2459개 텍스트 청크 추출
2025-07-28 07:29:51,841 - INFO - 안내서-0797-01_의약품_위해성_관리_계획_사례집.json: 2990개 텍스트 청크 추출
2025-07-28 07:29:51,847 - INFO - 안내서-0889-01_의약품_품질_시스템_가이드라인_민원인_안내서__최종.json: 1887개 텍스트 청크 추출
2025-07-28 07:29:51,851 - INFO - 알레르기비염치료제_임상시험_가이드라인_민원인_안내서_.json: 1484개 텍스트 청크 추출
2025-07-28 07:29:51,857 - INFO - 알츠하이머병_치료제_임상시험_가이드라인_2018_5___20180531_최종_.json: 1950개 텍스트 청크 추출
2025-07-28 07:29:51,859 - INFO - 알츠하이머형_치매_치료_복합제_개발_관련_질의_응답집.json: 961개 텍스트 청크 추출
2025-07-28 07:29:51,864 - INFO - 알츠하이머형_치매를_위한_경피흡수제_개발_관련_질의_응답집.json: 1486개 텍스트 청크 추출
2025-07-28 07:29:51,880 - INFO - 알칼리이온수생성기의_기술문서_작성을_위한_가이드라인_민원인안내서_.json: 5603개 텍스트 청크 추출
2025-07-28 07:29:52,044 - INFO - 알코올_사용장애_개선_디지털치료기기_안전성_성능_평가_및_임상시험계획서_작성_가이드라인_민원인_안내서_.json: 10958개 텍스트 청크 추출
2025-07-28 07:29:52,054 - INFO - 암_치료용_방사성의약품_비임상시험_가이드라인.json: 3069개 텍스트 청크 추출
2025-07-28 07:29:52,059 - INFO - 암_치료용_백신_임상시험_계획_평가_가이드라인_최종.json: 1524개 텍스트 청크 추출
2025-07-28 07:29:52,072 - INFO - 예방용_DNA_백신_평가_가이드라인.json: 4502개 텍스트 청크 추출
2025-07-28 07:29:52,082 - INFO - 앵커타입골절합용나사_허가심사_가이드라인_민원인_안내서_.json: 3235개 텍스트 청크 추출
2025-07-28 07:29:52,083 - INFO - 약국제제_및_의료기관_조제실제제_범위_검토_시_제출자료_예시_민원인안내서_.json: 577개 텍스트 청크 추출
2025-07-28 07:29:52,085 - INFO - 약동학_반복투여_조직분포시험_가이드라인__민원인_안내서_.json: 433개 텍스트 청크 추출
2025-07-28 07:29:52,108 - INFO - 약물방출스텐트의_시험방법_가이드라인_민원인_안내서_.json: 7205개 텍스트 청크 추출
2025-07-28 07:29:52,120 - INFO - 약물이상반응_및_이상사례_전자보고_가이드라인_민원인_안내서__개정안_최종_.json: 3943개 텍스트 청크 추출
2025-07-28 07:29:52,137 - INFO - 약제_감수성_및_내성_미생물_검사시약_허가심사_가이드라인_최종_.json: 5458개 텍스트 청크 추출
2025-07-28 07:29:52,144 - INFO - 양극산화_처리된_타이타늄_재질_의료기기의_생물학적_안전성에_관한_제출자료_간소화_가이드라인_민원인_안내서_.json: 1668개 텍스트 청크 추출
2025-07-28 07:29:52,165 - INFO - 양전자방출_전산화단층엑스선조합촬영장치_및_양전자방출전산화단층촬영장치의_기술문서_작성을_위한_가이드라인_민원인안내서_.json: 7956개 텍스트 청크 추출
2025-07-28 07:29:52,182 - INFO - 에너지_사용_혈관_카테터_허가_심사_가이드라인_민원인안내서_.json: 6490개 텍스트 청크 추출
2025-07-28 07:29:52,194 - INFO - 연고형근관충전재의_허가_및_기술문서_작성을_위한_가이드라인_민원인안내서_.json: 3575개 텍스트 청크 추출
2025-07-28 07:29:52,226 - INFO - 예방용_mRNA_백신_평가_가이드라인.json: 6773개 텍스트 청크 추출
2025-07-28 07:29:52,237 - INFO - 오남용_억제성_제형_마약성진통제_평가_가이드라인_민원인_안내서_.json: 2935개 텍스트 청크 추출
2025-07-28 07:29:52,417 - INFO - 완제의약품_제조_및_품질관리기준_GMP__가이던스_개정_.json: 71128개 텍스트 청크 추출
2025-07-28 07:29:52,429 - INFO - 완제의약품_유연물질_가이드라인_최종.json: 2302개 텍스트 청크 추출
2025-07-28 07:29:52,431 - INFO - 외용소독제_의약외품__효력평가법_가이드라인_민원인_안내서_.json: 885개 텍스트 청크 추출
2025-07-28 07:29:52,610 - INFO - 의료기기_감시업무_매뉴얼_개정.json: 16672개 텍스트 청크 추출
2025-07-28 07:29:52,624 - INFO - 요실금치료용띠의_허가_심사_가이드라인.json: 4123개 텍스트 청크 추출
2025-07-28 07:29:52,652 - INFO - 우울장애_개선_디지털치료기기_안전성_성능_평가_및_임상시험계획서_작성_가이드라인_민원인_안내서_.json: 8352개 텍스트 청크 추출
2025-07-28 07:29:52,803 - INFO - 원료의약품_제조_및_품질관리기준_GMP__가이던스.json: 56055개 텍스트 청크 추출
2025-07-28 07:29:52,809 - INFO - 원료의약품_행정처분_정보_EU_통보_지침.json: 930개 텍스트 청크 추출
2025-07-28 07:29:52,817 - INFO - 원료의약품_유연물질_기준_가이드라인_최종.json: 2101개 텍스트 청크 추출
2025-07-28 07:29:52,825 - INFO - 원료의약품의_개발_및_제조_품질심사_가이드라인_민원인_안내서__개정.json: 2765개 텍스트 청크 추출
2025-07-28 07:29:52,829 - INFO - 원료혈장_마스터_파일의_혈장_품질_및_안전_분야_검토_절차_공무원지침서__2개정_.json: 1623개 텍스트 청크 추출
2025-07-28 07:29:52,850 - INFO - 원숭이두창_바이러스_체외진단의료기기_허가심사_가이드라인_민원인_안내서_.json: 6565개 텍스트 청크 추출
2025-07-28 07:29:52,857 - INFO - 원자재업체_관리_Vendor_Audit__방안_안내.json: 1734개 텍스트 청크 추출
2025-07-28 07:29:52,870 - INFO - 원형결찰골고정재_기술문서_작성을_위한_가이드라인.json: 4409개 텍스트 청크 추출
2025-07-28 07:29:52,875 - INFO - 위식도역류질환_치료제_임상시험_가이드라인_민원인_안내서_.json: 1462개 텍스트 청크 추출
2025-07-28 07:29:52,889 - INFO - 위험관리_기반_의료기기_생물학적_평가_가이드라인_개정_민원인안내서_.json: 4002개 텍스트 청크 추출
2025-07-28 07:29:52,928 - INFO - 유_무기_하이브리드_흡수성관상동맥용스텐트_안전성_성능_및_임상시험계획서_평가_가이드라인__민원인_안내서_.json: 13440개 텍스트 청크 추출
2025-07-28 07:29:52,946 - INFO - 유발반응측정장치의_허가_및_기술문서_작성을_위한_가이드라인_민원인안내서_.json: 5704개 텍스트 청크 추출
2025-07-28 07:29:52,947 - INFO - 유전자_분석을_이용한_한약재_종감별_가이드라인_민원인_안내서_.json: 239개 텍스트 청크 추출
2025-07-28 07:29:52,951 - INFO - 유헬스케어_의료기기_허가심사_시_자주_묻는_질문집_FAQ_.json: 1575개 텍스트 청크 추출
2025-07-28 07:29:52,961 - INFO - 융복합_의료제품_분류신청을_위한_민원인_안내서.json: 3636개 텍스트 청크 추출
2025-07-28 07:29:53,189 - INFO - 의료기기_GMP_기준_중_사용적합성_적용_가이드라인_변경_사례별_적용방법__민원인안내서_.json: 34121개 텍스트 청크 추출
2025-07-28 07:29:53,254 - INFO - 의료기기_GMP_기준_중_사용적합성_적용_가이드라인_유헬스케어_심전계__민원인안내서_.json: 25068개 텍스트 청크 추출
2025-07-28 07:29:53,265 - INFO - 의료기기_GMP_시정_및_예방조치_항목_심사_지침_공무원_지침서_.json: 2888개 텍스트 청크 추출
2025-07-28 07:29:53,275 - INFO - 의료기기_GMP_심사_사례집_민원인안내서__최종.json: 2905개 텍스트 청크 추출
2025-07-28 07:29:53,299 - INFO - 인플루엔자_백신_평가_가이드라인.json: 7545개 텍스트 청크 추출
2025-07-28 07:29:53,354 - INFO - 의료기기_GMP심사_가이드라인_공무원_지침서_.json: 20835개 텍스트 청크 추출
2025-07-28 07:29:53,360 - INFO - 의료기기_소프트웨어_허가서류_작성_보완사례집_민원인_안내서_.json: 1402개 텍스트 청크 추출
2025-07-28 07:29:53,364 - INFO - 의료기기_영문증명서_발급_매뉴얼_업무담당자용_.json: 1385개 텍스트 청크 추출
2025-07-28 07:29:53,369 - INFO - 의료기기_영업자_회수_업무_처리_지침_공무원_지침서_.json: 1514개 텍스트 청크 추출
2025-07-28 07:29:53,374 - INFO - 의료기기_점자_및_음성_수어영상변환용_코드_표시_가이드라인.json: 2012개 텍스트 청크 추출
2025-07-28 07:29:53,405 - INFO - 의료기기_제조허가등_갱신에_관한_규정_해설서_민원인_안내서__최종_1부.json: 12756개 텍스트 청크 추출
2025-07-28 07:29:53,442 - INFO - 의료기기_품목갱신_업무_지침서_공무원_지침서_.json: 17304개 텍스트 청크 추출
2025-07-28 07:29:53,450 - INFO - 의료기기_해외_안전성_정보_업무처리_지침_공무원지침서_.json: 2799개 텍스트 청크 추출
2025-07-28 07:29:53,461 - INFO - 의료기기_허가도우미_지정_및_운영_지침_공무원지침서__지침서-0152-06__2023_2_27__개정_.json: 2993개 텍스트 청크 추출
2025-07-28 07:29:53,464 - INFO - 의료기기GMP_GIP자가시험심사지침_공무원_지침서_.json: 642개 텍스트 청크 추출
2025-07-28 07:29:53,472 - INFO - 의료기기법_특례사항_관련_업무_지침_A0-2013-5-004_.json: 2609개 텍스트 청크 추출
2025-07-28 07:29:53,478 - INFO - 의료기기와_개인용_건강관리_웰니스__제품_판단기준_공무원_지침서_.json: 2375개 텍스트 청크 추출
2025-07-28 07:29:53,484 - INFO - 의료기기의_물리_화학적_특성_자료_가이드라인_민원인_안내서_.json: 1333개 텍스트 청크 추출
2025-07-28 07:29:53,496 - INFO - 의료기기의_물리화학적_특성에_관한_자료_심사_지침_공무원_지침서_.json: 3483개 텍스트 청크 추출
2025-07-28 07:29:53,501 - INFO - 의료기기의_생물학적_안전성_평가를_위한_비흡수성_고분자_재질_원재료의_물리_화학적_특성_평가_가이드라인.json: 1429개 텍스트 청크 추출
2025-07-28 07:29:53,507 - INFO - 의료기기의_생물학적_안전성_평가를_위한_비흡수성_금속세라믹_재질_원재료의_물리_화학적_특성_평가_가이드라인.json: 1990개 텍스트 청크 추출
2025-07-28 07:29:53,513 - INFO - 의료용_마약류_취급승인_절차_가이드라인_민원인_안내서__배포.json: 1761개 텍스트 청크 추출
2025-07-28 07:29:53,518 - INFO - 의료제품_신속심사_전문가협의체_운영에_대한_업무절차_공무원지침서_.json: 1704개 텍스트 청크 추출
2025-07-28 07:29:53,525 - INFO - 의료제품의_신속심사_지정신청_시_고려사항_민원인_안내서_.json: 2571개 텍스트 청크 추출
2025-07-28 07:29:53,536 - INFO - 의료제품의_신속심사에_대한_업무_절차_공무원_지침서_.json: 3113개 텍스트 청크 추출
2025-07-28 07:29:53,539 - INFO - 의약외품_GMP_의무대상__적합판정_및_적합판정서_발급지침_공무원_지침서__최종.json: 889개 텍스트 청크 추출
2025-07-28 07:29:53,703 - INFO - 의약외품_기준_및_시험방법_심사자료_평가시_고려사항_및_검토서_작성기준_공무원지침서__2023_9.json: 10337개 텍스트 청크 추출
2025-07-28 07:29:53,712 - INFO - 의약외품_생리컵_허가심사_질의응답집_민원인_안내서_.json: 2781개 텍스트 청크 추출
2025-07-28 07:29:53,730 - INFO - 의약외품_안전성_유효성_심사자료_평가_시_고려사항_및_검토서_작성_기준_공무원지침서__2023_9.json: 6832개 텍스트 청크 추출
2025-07-28 07:29:53,783 - INFO - 의약외품_허가_신고_체크리스트_및_세부_업무_매뉴얼_제8개정_-배포.json: 17844개 텍스트 청크 추출
2025-07-28 07:29:53,801 - INFO - 의약품_기준_및_시험방법_검토서_작성기준_GRP-MaPP-심사기준-07_.json: 4974개 텍스트 청크 추출
2025-07-28 07:29:53,806 - INFO - 의약품_기준_및_시험방법_심사자료_평가시_일반적_고려사항_GRP-MaPP-심사기준-06_.json: 1418개 텍스트 청크 추출
2025-07-28 07:29:53,816 - INFO - 의약품_수입자_약사감시_수행_절차_공무원_지침서_.json: 3419개 텍스트 청크 추출
2025-07-28 07:29:53,819 - INFO - 의약품_심사자_교육훈련_GRP-MaPP-교육훈련-01_.json: 1213개 텍스트 청크 추출
2025-07-28 07:29:53,823 - INFO - 의약품_심사자문단_구성_및_운영_GRP-MaPP-기타업무-02_.json: 1282개 텍스트 청크 추출
2025-07-28 07:29:53,825 - INFO - 의약품_안전성정보_보고_처리_절차_민원인_안내서_.json: 783개 텍스트 청크 추출
2025-07-28 07:29:53,827 - INFO - 의약품_우수심사기준_업무수행편람_GRP-MaPP__제_개정_및_운영_GRP-MaPP-기타업무-06_.json: 918개 텍스트 청크 추출
2025-07-28 07:29:53,830 - INFO - 의약품_임상시험_결과보고서의_구성과_내용_가이드라인_질의응답집_민원인_안내서_.json: 1111개 텍스트 청크 추출
2025-07-28 07:29:53,842 - INFO - 의약품_임상시험_결과보고서의_구성과_내용_가이드라인_안내서.json: 3787개 텍스트 청크 추출
2025-07-28 07:29:53,856 - INFO - 의약품_임상시험_대조군_설정_가이드라인.json: 3662개 텍스트 청크 추출
2025-07-28 07:29:53,873 - INFO - 의약품_임상시험계획_변경_승인_검토서_작성기준_공무원지침서_.json: 6446개 텍스트 청크 추출
2025-07-28 07:29:53,879 - INFO - 의약품_임상시험계획_변경_승인_민원_심사_절차_공무원지침서_.json: 2190개 텍스트 청크 추출
2025-07-28 07:29:53,882 - INFO - 임상통계_검토서_작성기준_5개정_.json: 1052개 텍스트 청크 추출
2025-07-28 07:29:53,886 - INFO - 의약품_잔류용매_기준_질의응답집_민원인안내서_.json: 1685개 텍스트 청크 추출
2025-07-28 07:29:53,911 - INFO - 의약품_제조소_GMP_현장감시_수행_절차_공무원_지침서_.json: 7946개 텍스트 청크 추출
2025-07-28 07:29:53,915 - INFO - 의약품_제품명_부여_사례집_민원인안내서_.json: 1058개 텍스트 청크 추출
2025-07-28 07:29:53,933 - INFO - 의약품_첨가제_고려사항_가이드라인_개정_2021_10_.json: 7862개 텍스트 청크 추출
2025-07-28 07:29:53,973 - INFO - 의약품_첨가제_위험평가_가이던스_최종_.json: 16526개 텍스트 청크 추출
2025-07-28 07:29:53,973 - INFO - 의약품_품목_갱신_업무_민원인을_위한_가이드라인_민원인안내서_.json: 1개 텍스트 청크 추출
2025-07-28 07:29:53,977 - INFO - 의약품_품목_조건부_허가_관리지침_민원인안내서_.json: 982개 텍스트 청크 추출
2025-07-28 07:29:53,983 - INFO - 의약품_품목별_사전_GMP_평가_업무수행_편람_공무원_지침서__외부용_.json: 1734개 텍스트 청크 추출
2025-07-28 07:29:54,000 - INFO - 의약품_품질_위해관리_가이드라인_민원인안내서_.json: 5020개 텍스트 청크 추출
2025-07-28 07:29:54,002 - INFO - 의약품_허가심사_조정협의체_운영안내서_민원인_안내서_.json: 614개 텍스트 청크 추출
2025-07-28 07:29:54,045 - INFO - 의약품_허가특허연계제도_민원인안내서_최종_.json: 17383개 텍스트 청크 추출
2025-07-28 07:29:54,058 - INFO - 의약품_용기_및_포장_적합성_평가_가이드라인_개정.json: 4018개 텍스트 청크 추출
2025-07-28 07:29:54,060 - INFO - 의약품_임상시험_관련_데이터_관리업무_수행_시_주요_고려사항_민원인안내서.json: 650개 텍스트 청크 추출
2025-07-28 07:29:54,062 - INFO - 의약품_임상시험_위험도_기반_모니터링_가이드라인_민원인안내서.json: 733개 텍스트 청크 추출
2025-07-28 07:29:54,064 - INFO - 의약품_임상시험_통계분석_업무수행_시_주요_고려사항_민원인안내서.json: 696개 텍스트 청크 추출
2025-07-28 07:29:54,073 - INFO - 의약품_재평가_실시에_관한_규정_가이드라인_민원인_안내서__개정_최종_.json: 2961개 텍스트 청크 추출
2025-07-28 07:29:54,218 - INFO - 의약품광고_및_전문의약품_정보제공_가이드라인_개정_.json: 3834개 텍스트 청크 추출
2025-07-28 07:29:54,230 - INFO - 의약품동등성시험_가이드라인_민원인_안내서_.json: 3338개 텍스트 청크 추출
2025-07-28 07:29:54,235 - INFO - 의약품등_안정성시험기준_질의응답집_민원인_안내서_.json: 1811개 텍스트 청크 추출
2025-07-28 07:29:54,247 - INFO - 의약품등_영문증명_발급_매뉴얼_민원인용__2개정_.json: 4201개 텍스트 청크 추출
2025-07-28 07:29:54,251 - INFO - 의약품심사부_민원상담_처리절차_GRP-MaPP-기타업무-03_.json: 1616개 텍스트 청크 추출
2025-07-28 07:29:54,259 - INFO - 의약품용_한약재_수입_업무_가이드라인_민원인안내서_.json: 2974개 텍스트 청크 추출
2025-07-28 07:29:54,263 - INFO - 의약품의_성상표기_가이드라인_민원인안내서_.json: 989개 텍스트 청크 추출
2025-07-28 07:29:54,267 - INFO - 의약품의_신속심사_적용기준_가이드라인_개정.json: 1641개 텍스트 청크 추출
2025-07-28 07:29:54,316 - INFO - 의약품의_위해성_관리_계획_가이드라인_240830.json: 19130개 텍스트 청크 추출
2025-07-28 07:29:54,323 - INFO - 의약품의_유익성-위해성_평가_작성_가이드라인_민원인_안내서__201706_.json: 1777개 텍스트 청크 추출
2025-07-28 07:29:54,379 - INFO - 의약품의_품목허가신고_체크리스트_및_세부업무_매뉴얼.json: 17165개 텍스트 청크 추출
2025-07-28 07:29:54,393 - INFO - 의약품주입여과기_허가_및_기술문서_작성을_위한_가이드라인_민원인안내서_.json: 4207개 텍스트 청크 추출
2025-07-28 07:29:54,406 - INFO - 의약품직접주입기구의_기술문서_작성을_위한_가이드라인_민원인안내서_.json: 4597개 텍스트 청크 추출
2025-07-28 07:29:54,420 - INFO - 의약품흡수유도피부자극기의_허가_및_기술문서_작성을_위한_가이드라인_민원인안내서_.json: 4594개 텍스트 청크 추출
2025-07-28 07:29:54,432 - INFO - 의치상용레진_열중합형__기술문서_작성을_위한_가이드라인_민원인안내서_.json: 2770개 텍스트 청크 추출
2025-07-28 07:29:54,476 - INFO - 이미_허가받은_제품과_비교한_자료_작성을_위한_가이드라인_민원인_안내서_.json: 14738개 텍스트 청크 추출
2025-07-28 07:29:54,492 - INFO - 이식형심장박동기_기술문서_작성을_위한_가이드라인_민원인_안내서_.json: 5177개 텍스트 청크 추출
2025-07-28 07:29:54,507 - INFO - 이식형심장박동기전극_기술문서_작성을_위한_가이드라인_민원인_안내서_.json: 4877개 텍스트 청크 추출
2025-07-28 07:29:54,523 - INFO - 이식형심장충격기_기술문서_작성을_위한_가이드라인_민원인_안내서_.json: 5248개 텍스트 청크 추출
2025-07-28 07:29:54,538 - INFO - 이식형심장충격기용전극_기술문서_작성을_위한_가이드라인_민원인_안내서_.json: 5096개 텍스트 청크 추출
2025-07-28 07:29:54,551 - INFO - 이식형혈관접속용기구의_기술문서_작성을_위한_가이드라인_민원인안내서_.json: 4036개 텍스트 청크 추출
2025-07-28 07:29:54,714 - INFO - 이종이식제제_품질__비임상_및_임상_평가_가이드라인.json: 9256개 텍스트 청크 추출
2025-07-28 07:29:54,716 - INFO - 이중특이성_항체의약품_개발_시_고려사항_최종.json: 759개 텍스트 청크 추출
2025-07-28 07:29:54,727 - INFO - 이학진료용기구_사용목적_명확화_가이드라인.json: 3129개 텍스트 청크 추출
2025-07-28 07:29:54,748 - INFO - 인유두종바이러스백신_허가심사_가이드라인.json: 6432개 텍스트 청크 추출
2025-07-28 07:29:54,757 - INFO - 이화학적동등성시험_가이드라인_민원인_안내서_.json: 2350개 텍스트 청크 추출
2025-07-28 07:29:54,769 - INFO - 인공수정체의_기술문서_작성을_위한_가이드라인_민원인안내서_.json: 4031개 텍스트 청크 추출
2025-07-28 07:29:54,785 - INFO - 인공수정체의_성능_시험방법_가이드라인_민원인_안내서_.json: 4752개 텍스트 청크 추출
2025-07-28 07:29:54,803 - INFO - 인공신장기용정수장치의_기술문서_작성을_위한_가이드라인_민원인안내서_.json: 5708개 텍스트 청크 추출
2025-07-28 07:29:54,815 - INFO - 인공심장판막의_성능_평가_시험방법_가이드라인_민원인_안내서_.json: 3205개 텍스트 청크 추출
2025-07-28 07:29:54,831 - INFO - 인공엉덩이관절_기술문서_작성을_위한_가이드라인.json: 5196개 텍스트 청크 추출
2025-07-28 07:29:54,836 - INFO - 인공지능_AI__의료기기_임상시험방법_설계_가이드라인_민원인_안내서_.json: 1982개 텍스트 청크 추출
2025-07-28 07:29:54,856 - INFO - 인공지능_기반_병리진단_유방암__체외진단의료기기_소프트웨어__허가심사_가이드라인_민원인_안내서_.json: 7183개 텍스트 청크 추출
2025-07-28 07:29:54,877 - INFO - 인공지능_기반_조직병리_유방암__체외진단의료기기_소프트웨어__허가심사_가이드라인_민원인_안내서_.json: 7143개 텍스트 청크 추출
2025-07-28 07:29:54,883 - INFO - 인공지능_의료기기의_허가_심사_가이드라인_민원인_안내서_.json: 1804개 텍스트 청크 추출
2025-07-28 07:29:54,903 - INFO - 인공지능_기반_조직병리_체외진단의료기기_소프트웨어__허가심사_가이드라인_민원인_안내서_.json: 6907개 텍스트 청크 추출
2025-07-28 07:29:54,915 - INFO - 인체세포등_관리업__세포처리시설_허가_등_업무_처리_지침_공무원지침서__최종_.json: 3878개 텍스트 청크 추출
2025-07-28 07:29:54,918 - INFO - 인체이식형_의료기기의_자기공명_MR_환경_안전성_가이드라인_2020_7__.json: 650개 텍스트 청크 추출
2025-07-28 07:29:54,918 - INFO - 인체적용제품_위해성평가_공통지침서_인쇄본_.json: 1개 텍스트 청크 추출
2025-07-28 07:29:54,924 - INFO - 인체조직_안전성_정보_처리_가이드라인_민원인_안내서_.json: 2380개 텍스트 청크 추출
2025-07-28 07:29:54,930 - INFO - 인체조직_안전성_정보_처리_업무지침_공무원지침서_.json: 1714개 텍스트 청크 추출
2025-07-28 07:29:54,934 - INFO - 인터페론_베타_동등생물의약품의_비임상_및_임상_평가_가이드라인_민원인_안내서_.json: 1014개 텍스트 청크 추출
2025-07-28 07:29:54,947 - INFO - 인플루엔자백신의_자가_기준_및_시험방법_작성_해설서_안내서-0274-01_.json: 3903개 텍스트 청크 추출
2025-07-28 07:29:54,951 - INFO - 일반용조명용광원장치_품목신고서_작성을_위한_가이드라인.json: 1239개 텍스트 청크 추출
2025-07-28 07:29:54,967 - INFO - 일반용치과도재_허가_및_기술문서_작성을_위한_가이드라인_민원인안내서_.json: 5188개 텍스트 청크 추출
2025-07-28 07:29:54,982 - INFO - 일본뇌염_백신_안전성유효성_평가_가이드라인.json: 4853개 텍스트 청크 추출
2025-07-28 07:29:54,994 - INFO - 일회용수동랜싯의_기술문서_작성을_위한가이드라인_민원인안내서_.json: 3877개 텍스트 청크 추출
2025-07-28 07:29:55,004 - INFO - 일회용수동식의료용큐렛_허가_및_기술문서_작성을_위한_가이드라인_민원인안내서_.json: 3666개 텍스트 청크 추출
2025-07-28 07:29:55,018 - INFO - 일회용여과기부착침의_허가_및_기술문서_작성을_위한_가이드라인_민원인안내서_.json: 4522개 텍스트 청크 추출
2025-07-28 07:29:55,031 - INFO - 일회용체외고정기구_기술문서_작성을_위한_가이드라인.json: 4201개 텍스트 청크 추출
2025-07-28 07:29:55,045 - INFO - 일회용투관침의_허가_및_기술문서_작성을_위한_가이드라인_민원인안내서_.json: 4666개 텍스트 청크 추출
2025-07-28 07:29:55,052 - INFO - 임상_연구용_의료기기등_승인_신청_민원인안내서_.json: 2629개 텍스트 청크 추출
2025-07-28 07:29:55,054 - INFO - 임상시험_및_대상자보호프로그램_HRPP__운영가이드라인_민원인_안내서_.json: 743개 텍스트 청크 추출
2025-07-28 07:29:55,059 - INFO - 임상시험_전자동의_가이드라인_전문.json: 1455개 텍스트 청크 추출
2025-07-28 07:29:55,063 - INFO - 임상시험_정보_등록_공개_가이드라인_민원인안내서__전문.json: 1393개 텍스트 청크 추출
2025-07-28 07:29:55,068 - INFO - 임상시험_중_예상하지_못한_중대한_약물이상반응_SUSAR_평가_업무절차_공무원지침서_.json: 2195개 텍스트 청크 추출
2025-07-28 07:29:55,072 - INFO - 임상시험_전자_자료_처리_및_관리를_위한_가이드라인_민원인안내서.json: 1051개 텍스트 청크 추출
2025-07-28 07:29:55,073 - INFO - 임상시험실시_지원기관의_업무범위_및_책임_등에_관한_표준_지침_민원인안내서__200929.json: 751개 텍스트 청크 추출
2025-07-28 07:29:55,258 - INFO - 임상시험용의약품_최신_안전성정보_보고_ICH_DSUR__민원인안내서__홈페이지_게시.json: 13373개 텍스트 청크 추출
2025-07-28 07:29:55,273 - INFO - 임상시험용의약품의_치료목적사용을_위한_가이드라인_민원인안내서_.json: 4461개 텍스트 청크 추출
2025-07-28 07:29:55,281 - INFO - 임상시험의_추정대상_모수_Estimands__및_민감도_분석_가이드라인_민원인_안내서_.json: 2479개 텍스트 청크 추출
2025-07-28 07:29:55,283 - INFO - 임상통계_심사자료_평가시_일반적_고려사항_6개정_.json: 1288개 텍스트 청크 추출
2025-07-28 07:29:55,295 - INFO - 임시치과용임플란트의_허가_및_기술문서_작성을_위한_가이드라인_민원인안내서_.json: 3816개 텍스트 청크 추출
2025-07-28 07:29:55,308 - INFO - 임피던스체지방측정기의_기술문서_작성을_위한_가이드라인__민원인_안내서_.json: 4192개 텍스트 청크 추출
2025-07-28 07:29:55,319 - INFO - 자가중합형의치상용레진의_기술문서_작성을_위한_가이드라인_민원인안내서_.json: 3495개 텍스트 청크 추출
2025-07-28 07:29:55,327 - INFO - 자동화_제조_키트를_이용하여_제조한_방사성의약품_품질자료_작성_가이드라인.json: 2727개 텍스트 청크 추출
2025-07-28 07:29:55,332 - INFO - 잔여검체를_사용하는_의료기기_임상시험의_피험자_동의_면제_요건_가이드라인_민원인_안내서_.json: 1158개 텍스트 청크 추출
2025-07-28 07:29:55,335 - INFO - 재사용가능수동식의료용가위_품목신고서_작성을_위한_가이드라인_민원인_안내서_.json: 1174개 텍스트 청크 추출
2025-07-28 07:29:55,339 - INFO - 재사용가능수동식의료용큐렛_품목신고서_작성_가이드라인_민원인안내서_.json: 1237개 텍스트 청크 추출
2025-07-28 07:29:55,343 - INFO - 재사용가능안과용칼_품목신고서_작성을_위한_가이드라인_민원인_안내서_.json: 1161개 텍스트 청크 추출
2025-07-28 07:29:55,346 - INFO - 재조합_인간난포자극호르몬_r-hFSH__동등생물의약품의_비임상_및_임상_평가_가이드라인_최종.json: 895개 텍스트 청크 추출
2025-07-28 07:29:55,375 - INFO - 재활로봇_허가심사_가이드라인_민원인_안내서_-작업.json: 11647개 텍스트 청크 추출
2025-07-28 07:29:55,392 - INFO - 저강도_집속형_초음파기기_LIFU__안전성_및_성능평가_가이드라인_민원인_안내서_.json: 4184개 텍스트 청크 추출
2025-07-28 07:29:55,396 - INFO - 저분자_합성펩타이드_의약품_품질평가_가이드라인.json: 1065개 텍스트 청크 추출
2025-07-28 07:29:55,412 - INFO - 저주파자극기의_허가_및_기술문서_작성을_위한_가이드라인.json: 6668개 텍스트 청크 추출
2025-07-28 07:29:55,424 - INFO - 저출력광선조사기_기술문서_작성을_위한_가이드라인_민원인_안내서_.json: 4043개 텍스트 청크 추출
2025-07-28 07:29:55,439 - INFO - 저출력심장충격기의_기술문서_작성을_위한_가이드라인_민원인_안내서_.json: 4929개 텍스트 청크 추출
2025-07-28 07:29:55,452 - INFO - 적외선조사기_기술문서_작성을_위한_가이드라인_민원인_안내서_.json: 4168개 텍스트 청크 추출
2025-07-28 07:29:55,473 - INFO - 전기사용_의료기기의_주요변경_사례집.json: 9728개 텍스트 청크 추출
2025-07-28 07:29:55,487 - INFO - 전기수술기용전극_기술문서_작성을_위한_가이드라인_민원인_안내서_.json: 4237개 텍스트 청크 추출
2025-07-28 07:29:55,504 - INFO - 전동식모유착유기_기술문서_작성을_위한_가이드라인.json: 6043개 텍스트 청크 추출
2025-07-28 07:29:55,508 - INFO - 전동식수술대_품목신고서_작성을_위한_가이드라인.json: 1414개 텍스트 청크 추출
2025-07-28 07:29:55,520 - INFO - 전동식안과용진료의자의_기술문서_작성을_위한_가이드라인_민원인안내서_.json: 4005개 텍스트 청크 추출
2025-07-28 07:29:55,535 - INFO - 전동식의료용천공기_기술문서_작성을_위한_가이드라인.json: 4558개 텍스트 청크 추출
2025-07-28 07:29:55,549 - INFO - 전동식의료용핸드피스_기술문서_작성을_위한_가이드라인.json: 4570개 텍스트 청크 추출
2025-07-28 07:29:55,563 - INFO - 전동식의료용흡인기_기술문서_작성을_위한_가이드라인.json: 4378개 텍스트 청크 추출
2025-07-28 07:29:55,577 - INFO - 전동식의약품주입펌프_허가_및_기술문서_작성을_위한_가이드라인_민원인안내서_.json: 5053개 텍스트 청크 추출
2025-07-28 07:29:55,609 - INFO - 전립선암_영상검출_진단보조_소프트웨어_안전성_성능_및_임상시험계획서_평가_가이드라인_민원인_안내서_.json: 8738개 텍스트 청크 추출
2025-07-28 07:29:55,627 - INFO - 전신용엑스선골밀도측정기의_기술문서_작성을_위한_가이드라인_민원인_안내서_.json: 6071개 텍스트 청크 추출
2025-07-28 07:29:55,782 - INFO - 전신용전산화단층엑스선촬영장치_기술문서_작성을_위한_가이드라인_민원인_안내서_.json: 5146개 텍스트 청크 추출
2025-07-28 07:29:55,795 - INFO - 전위발생기_기술문서_작성을_위한_가이드라인_민원인_안내서_.json: 4114개 텍스트 청크 추출
2025-07-28 07:29:55,809 - INFO - 전자국제공통기술문서_eCTD__자료작성_매뉴얼_민원인_안내서_.json: 5535개 텍스트 청크 추출
2025-07-28 07:29:55,813 - INFO - 전자식_혈압계의_정확성_평가를_위한_가이드라인_민원인_안내서_.json: 1246개 텍스트 청크 추출
2025-07-28 07:29:55,825 - INFO - 전자체온계의_기술문서_작성을_위한_가이드라인_민원인안내서_.json: 4079개 텍스트 청크 추출
2025-07-28 07:29:55,838 - INFO - 절삭가공용치과도재의_기술문서_작성을_위한_가이드라인_민원인안내서_.json: 3882개 텍스트 청크 추출
2025-07-28 07:29:55,850 - INFO - 접착용레진의_인증_및_기술문서_작성을_위한_가이드라인_민원인안내서_.json: 3906개 텍스트 청크 추출
2025-07-28 07:29:55,864 - INFO - 정형용교정장치_기술문서_작성을_위한_가이드라인.json: 4450개 텍스트 청크 추출
2025-07-28 07:29:55,888 - INFO - 정기적인_유익성-위해성_평가_보고_PBRER_에_관한_가이드라인_민원인안내서_.json: 6749개 텍스트 청크 추출
2025-07-28 07:29:55,895 - INFO - 정맥주사용_정상_사람_면역글로불린제제의_안전성_유효성_평가_가이드라인.json: 1753개 텍스트 청크 추출
2025-07-28 07:29:55,903 - INFO - 제네릭의약품_유연물질_평가_가이드라인_민원인안내서__배포용.json: 4044개 텍스트 청크 추출
2025-07-28 07:29:55,908 - INFO - 제네릭의약품_국제공통기술문서_CTD__주요고려사항_품질__민원인안내서_.json: 1677개 텍스트 청크 추출
2025-07-28 07:29:55,910 - INFO - 제네릭의약품임상시험자자료집작성방법해설서.json: 896개 텍스트 청크 추출
2025-07-28 07:29:56,447 - INFO - 제조_및_품질관리_요약서_작성_해설서_민원인_안내서_.json: 60877개 텍스트 청크 추출
2025-07-28 07:29:56,458 - INFO - 제조방법_CTD_도입에_따른_허가사항_관리_안내_민원인안내서_.json: 1726개 텍스트 청크 추출
2025-07-28 07:29:56,464 - INFO - 제형군별등_사전_GMP_평가_운영지침.json: 1490개 텍스트 청크 추출
2025-07-28 07:29:56,470 - INFO - 제형이_다른_동일_제조공정_의약품의_제조시설_공동사용_검토지침_민원인_안내서_.json: 1482개 텍스트 청크 추출
2025-07-28 07:29:56,475 - INFO - 조직_수입승인_및_변경승인_처리절차_공무원_지침서_.json: 1865개 텍스트 청크 추출
2025-07-28 07:29:56,504 - INFO - 조직수복용생체재료의_국제표준화기술문서_STED__작성_가이드라인.json: 10429개 텍스트 청크 추출
2025-07-28 07:29:56,509 - INFO - 조직은행_허가업무_등_처리_지침_공무원지침서_.json: 1143개 텍스트 청크 추출
2025-07-28 07:29:56,516 - INFO - 주사제_안전사용_가이드라인.json: 2494개 텍스트 청크 추출
2025-07-28 07:29:56,518 - INFO - 주사제_충전량_가이드라인_민원인안내서_.json: 351개 텍스트 청크 추출
2025-07-28 07:29:56,527 - INFO - 주의력결핍_과잉행동장애_치료제_임상시험_가이드라인.json: 2205개 텍스트 청크 추출
2025-07-28 07:29:56,531 - INFO - 줄기세포치료제_종양원성_평가_가이드라인_민원인안내서_.json: 1495개 텍스트 청크 추출
2025-07-28 07:29:56,535 - INFO - 줄기세포치료제_체내분포_평가_가이드라인-정량_PCR_중심으로_민원인_안내서_.json: 1267개 텍스트 청크 추출
2025-07-28 07:29:56,559 - INFO - 중심순환계색전제거용풍선카테터의_국제표준화기술문서_STED__작성_가이드라인_민원인_안내서_.json: 10558개 텍스트 청크 추출
2025-07-28 07:29:56,583 - INFO - 중심순환계혈관내색전촉진용보철재의_국제표준화기술문서_STED__작성을_위한_가이드라인_민원인안내서_.json: 9838개 텍스트 청크 추출
2025-07-28 07:29:56,607 - INFO - 중심순환계혈관내초음파카테터의_국제표준화기술문서_STED__작성_가이드라인_민원인_안내서_.json: 10078개 텍스트 청크 추출
2025-07-28 07:29:56,619 - INFO - 지각과민처치제의_인증_및_기술문서_작성을_위한_가이드라인_민원인안내서_.json: 4006개 텍스트 청크 추출
2025-07-28 07:29:56,625 - INFO - 지능화제조공정_의약품_개발_사례집_민원인안내서_.json: 1722개 텍스트 청크 추출
2025-07-28 07:29:56,636 - INFO - 지방흡인용카테터_기술문서_작성을_위한_가이드라인_민원인_안내서_.json: 3682개 텍스트 청크 추출
2025-07-28 07:29:56,648 - INFO - 진단폐활량계_성능평가_가이드라인_민원인_안내서_.json: 3213개 텍스트 청크 추출
2025-07-28 07:29:56,661 - INFO - 진단폐활량계의_기술문서_작성을_위한_가이드라인_민원인안내서_.json: 4561개 텍스트 청크 추출
2025-07-28 07:29:56,665 - INFO - 진드기기피제_효력시험법_가이드라인_민원인_안내서__개정.json: 1183개 텍스트 청크 추출
2025-07-28 07:29:56,692 - INFO - 질병의_예후_예측에_사용되는_체외진단용_의료기기_허가심사_가이드라인.json: 7331개 텍스트 청크 추출
2025-07-28 07:29:56,855 - INFO - 집속형초음파자극시스템_허가심사_가이드라인_민원인_안내서_.json: 9436개 텍스트 청크 추출
2025-07-28 07:29:56,867 - INFO - 창상피복재_성능_평가_시험방법_가이드라인_민원인_안내서_.json: 3502개 텍스트 청크 추출
2025-07-28 07:29:56,868 - INFO - 창상피복재_허가_인증_심사_통합_가이드라인_민원인_안내서_.json: 1개 텍스트 청크 추출
2025-07-28 07:29:56,880 - INFO - 채혈세트_인증_및_기술문서_작성을_위한_가이드라인_민원인안내서_.json: 4199개 텍스트 청크 추출
2025-07-28 07:29:56,889 - INFO - 첨단바이오의약품_규제과학_상담_사례집_2023_.json: 2785개 텍스트 청크 추출
2025-07-28 07:29:56,922 - INFO - 첨단바이오의약품_데이터_완전성_안내서_민원인_안내서_.json: 14649개 텍스트 청크 추출
2025-07-28 07:29:56,928 - INFO - 첨단바이오의약품_민원검토를_위한_전문가_자문_절차_공무원지침서_.json: 1396개 텍스트 청크 추출
2025-07-28 07:29:56,933 - INFO - 첨단바이오의약품_시판_후_품질평가를_위한_고려사항_민원인_안내서_.json: 1408개 텍스트 청크 추출
2025-07-28 07:29:56,936 - INFO - 첨단바이오의약품_시험방법_및_검증시험_검토_의뢰절차.json: 997개 텍스트 청크 추출
2025-07-28 07:29:56,939 - INFO - 첨단바이오의약품_자주묻는_질의응답집_민원인안내서__인체세포등_관리업.json: 1109개 텍스트 청크 추출
2025-07-28 07:29:56,960 - INFO - 첨단바이오의약품_제조_및_품질관리기준_가이드라인-최종_송부용_.json: 6264개 텍스트 청크 추출
2025-07-28 07:29:56,969 - INFO - 첨단의료기기_단계별_허가심사_가이드라인.json: 2673개 텍스트 청크 추출
2025-07-28 07:29:56,973 - INFO - 첨단바이오의약품_품목허가_등_민원_관련_접수__검토_및_처리_업무절차_공무원_지침서__.json: 989개 텍스트 청크 추출
2025-07-28 07:29:56,989 - INFO - 체온조절장치의_기술문서_작성을_위한_가이드라인_민원인안내서_.json: 5309개 텍스트 청크 추출
2025-07-28 07:29:57,002 - INFO - 체외진단의료기기_법령_시행에_따른_업무_안내서_민원인안내서_.json: 4874개 텍스트 청크 추출
2025-07-28 07:29:57,017 - INFO - 체외진단의료기기_임상적_성능시험_시_일반적_고려사항_민원인_안내서_.json: 4607개 텍스트 청크 추출
2025-07-28 07:29:57,030 - INFO - 체외진단의료기기_임상적_성능시험_시_통계적_고려사항_민원인_안내서_.json: 3713개 텍스트 청크 추출
2025-07-28 07:29:57,049 - INFO - 체외진단의료기기_허가심사_시_자주_묻는_민원사례_질의응답_FAQ_160__최종__-v1.json: 6680개 텍스트 청크 추출
2025-07-28 07:29:57,060 - INFO - 체외진단의료기기_변경_허가_관련_민원인_안내서_경미한_변경_사례_포함__4차_개정.json: 3725개 텍스트 청크 추출
2025-07-28 07:29:57,074 - INFO - 체외충격파치료기의_기술문서_작성을_위한_가이드라인_민원인_안내서_.json: 4596개 텍스트 청크 추출
2025-07-28 07:29:57,079 - INFO - 체외형의료용전극의_품목신고서_작성을_위한_가이드라인_민원인_안내서_.json: 1633개 텍스트 청크 추출
2025-07-28 07:29:57,087 - INFO - 초음파_의료기기의_안전성에_관한_가이드라인_민원인_안내서_.json: 2287개 텍스트 청크 추출
2025-07-28 07:29:57,100 - INFO - 초음파자극기의_기술문서_작성을_위한_가이드라인_민원인안내서_.json: 3908개 텍스트 청크 추출
2025-07-28 07:29:57,113 - INFO - 초음파혈류계_기술문서_작성을_위한_가이드라인_민원인_안내서_.json: 4212개 텍스트 청크 추출
2025-07-28 07:29:57,131 - INFO - 초전도자석식전신용자기공명전산화단층촬영장치의_기술문서_작성을_위한_가이드라인_민원인_안내서_.json: 5445개 텍스트 청크 추출
2025-07-28 07:29:57,143 - INFO - 최종본_임상시험용_세포치료제유전자치료제_품질평가_가이드라인_민원인안내서_.json: 4608개 텍스트 청크 추출
2025-07-28 07:29:57,159 - INFO - 추간체고정재_기술문서_작성을_위한_가이드라인.json: 5191개 텍스트 청크 추출
2025-07-28 07:29:57,173 - INFO - 추간체유합보형재_허가_및_기술문서_작성을_위한_가이드라인.json: 4605개 텍스트 청크 추출
2025-07-28 07:29:57,188 - INFO - 추적관리대상_의료기기_관리_가이드라인_민원인안내서__배포_.json: 6574개 텍스트 청크 추출
2025-07-28 07:29:57,201 - INFO - 치과교정용고정장치의_허가_및_기술문서_작성을_위한_가이드라인_민원인안내서_.json: 3957개 텍스트 청크 추출
2025-07-28 07:29:57,212 - INFO - 치과교정용선재의_기술문서_작성을_위한_가이드라인_민원인안내서_.json: 3433개 텍스트 청크 추출
2025-07-28 07:29:57,366 - INFO - 치과교정용시멘트의_인증_및_기술문서_작성을_위한_가이드라인_민원인안내서_.json: 3918개 텍스트 청크 추출
2025-07-28 07:29:57,379 - INFO - 치과교정장치용레진_시트타입__허가_인증_심사_가이드라인_민원인안내서_.json: 3584개 텍스트 청크 추출
2025-07-28 07:29:57,391 - INFO - 치과용레진계시멘트의_기술문서_작성을_위한_가이드라인_민원인안내서_.json: 3986개 텍스트 청크 추출
2025-07-28 07:29:57,404 - INFO - 치과용어태치먼트의_기술문서_작성을_위한_가이드라인_민원인안내서_.json: 3949개 텍스트 청크 추출
2025-07-28 07:29:57,418 - INFO - 치과용임플란트_상부구조물_허가_및_기술문서_작성을_위한_가이드라인_민원인안내서_.json: 4235개 텍스트 청크 추출
2025-07-28 07:29:57,431 - INFO - 치과용진료장치및의자의_기술문서_작성을_위한_가이드라인_민원인안내서_.json: 4462개 텍스트 청크 추출
2025-07-28 07:29:57,436 - INFO - 치과재료_생물학적_안전성_평가서_작성_가이드라인_민원인안내서_.json: 1425개 텍스트 청크 추출
2025-07-28 07:29:57,476 - INFO - 치과재료_생물학적_안전성_평가서_품목별_사례_해설서.json: 11171개 텍스트 청크 추출
2025-07-28 07:29:57,535 - INFO - 치과재료_품목별_성능_및_생물학적_안전성_시험항목_선정을_위한_가이드라인_민원인_안내서_.json: 13216개 텍스트 청크 추출
2025-07-28 07:29:57,536 - INFO - 치과재료_품목의_허가_인증_신고_종합안내서.json: 1개 텍스트 청크 추출
2025-07-28 07:29:57,548 - INFO - 치과주조용귀금속합금__치과주조용준귀금속합금_허가_및_기술문서_작성을_위한_가이드라인_민원인_안내서_.json: 3507개 텍스트 청크 추출
2025-07-28 07:29:57,559 - INFO - 치과주조용비귀금속합금_니켈계_의_허가_및_기술문서_작성을_위한_가이드라인_민원인안내서_.json: 3908개 텍스트 청크 추출
2025-07-28 07:29:57,571 - INFO - 치과주조용비귀금속합금_코발트계_의_허가_및_기술문서_작성을_위한_가이드라인_민원인안내서_.json: 3963개 텍스트 청크 추출
2025-07-28 07:29:57,573 - INFO - 치료용_단백질_의약품의_약물상호작용_평가_가이드라인.json: 780개 텍스트 청크 추출
2025-07-28 07:29:57,582 - INFO - 치료용_단백질의_항-약물_항체_검출시험법_가이드라인_최종.json: 3112개 텍스트 청크 추출
2025-07-28 07:29:57,608 - INFO - 치료용하전입자가속장치_기술문서_작성을_위한_가이드라인_민원인_안내서_.json: 8632개 텍스트 청크 추출
2025-07-28 07:29:57,624 - INFO - 치료적약물농도검사시약_허가심사_가이드라인_최종본_.json: 5922개 텍스트 청크 추출
2025-07-28 07:29:57,629 - INFO - 치아매니큐어_효력평가법에_대한_가이드라인_민원인_안내서_.json: 1821개 텍스트 청크 추출
2025-07-28 07:29:57,636 - INFO - 치약제_허가심사_다빈도_보완사례집_안내서-1324-01_-배포.json: 2584개 텍스트 청크 추출
2025-07-28 07:29:57,649 - INFO - 카테터삽입기의_기술문서_작성을_위한_가이드라인_민원인안내서_.json: 4212개 텍스트 청크 추출
2025-07-28 07:29:57,658 - INFO - 카테터삽입기의_성능_평가_시험방법_가이드라인_민원인_안내서_.json: 2201개 텍스트 청크 추출
2025-07-28 07:29:57,662 - INFO - 코로나19_감염_동물모델_사례집_공개용_.json: 1654개 텍스트 청크 추출
2025-07-28 07:29:57,662 - INFO - 코로나19_등_신종감염병_치료제_백신_개발_상담사례집_2개정_-최종_게시용_.json: 1개 텍스트 청크 추출
2025-07-28 07:29:57,665 - INFO - 코로나19_바이러스__SARS-CoV-2__표적_단클론항체의약품_개발시_고려사항.json: 866개 텍스트 청크 추출
2025-07-28 07:29:57,676 - INFO - 코로나19_바이러스벡터_백신_국가출하승인_가이드라인_민원인_안내서__개정.json: 3697개 텍스트 청크 추출
2025-07-28 07:29:57,952 - INFO - 코로나19_백신_개발_시_고려사항__민원인안내서_.json: 38390개 텍스트 청크 추출
2025-07-28 07:29:58,248 - INFO - 코로나19_백신_위해성관리계획_작성_고려사항_민원인_안내서__최종.json: 122941개 텍스트 청크 추출
2025-07-28 07:29:58,258 - INFO - 코로나19_치료제_개발시_고려사항_개정2__배포용.json: 1334개 텍스트 청크 추출
2025-07-28 07:29:58,271 - INFO - 코로나19_치료제_임상시험계획_승인_사례집_민원인안내서_.json: 3465개 텍스트 청크 추출
2025-07-28 07:29:58,299 - INFO - 코막힘_개선을_위한_집속형_초음파_자극시스템_안전성_성능_및_임상시험계획서_평가_가이드라인_민원인_안내서_.json: 10393개 텍스트 청크 추출
2025-07-28 07:29:58,303 - INFO - 콘택트렌즈_관리용품_효력평가법_가이드라인_민원인_안내서_.json: 1162개 텍스트 청크 추출
2025-07-28 07:29:58,317 - INFO - 콘택트렌즈의_기술문서_작성을_위한_가이드라인_민원인_안내서_.json: 4592개 텍스트 청크 추출
2025-07-28 07:29:58,501 - INFO - 콧물을_이용한_치매_조기진단시스템_안전성_성능_및_임상시험계획서_평가_가이드라인_민원인_안내서_.json: 13803개 텍스트 청크 추출
2025-07-28 07:29:58,548 - INFO - 특수재질골절합용나사의_국제표준화기술문서_STED__작성_가이드라인.json: 20423개 텍스트 청크 추출
2025-07-28 07:29:58,595 - INFO - 특수재질골절합용판의_국제표준화기술문서_STED__작성_가이드라인.json: 20430개 텍스트 청크 추출
2025-07-28 07:29:58,618 - INFO - 특수재질인공무릎관절의_국제표준화기술문서_STED__작성_가이드라인_2018_8__.json: 9243개 텍스트 청크 추출
2025-07-28 07:29:58,642 - INFO - 특수재질인공엉덩이관절의_국제표준화기술문서_STED__작성_가이드라인_2018_8_.json: 9757개 텍스트 청크 추출
2025-07-28 07:29:58,655 - INFO - 파라핀욕조의_기술문서_작성을_위한_가이드라인_민원인_안내서_.json: 4238개 텍스트 청크 추출
2025-07-28 07:29:58,668 - INFO - 펄스옥시미터의_기술문서_작성을_위한_가이드라인_민원인안내서_.json: 4174개 텍스트 청크 추출
2025-07-28 07:29:58,675 - INFO - 펄스옥시미터의_정확도_평가를_위한_임상시험_가이드라인_민원인안내서_.json: 2072개 텍스트 청크 추출
2025-07-28 07:29:58,684 - INFO - 펄스옥시미터의_허가_인증_심사_가이드라인_민원인안내서_.json: 2840개 텍스트 청크 추출
2025-07-28 07:29:58,692 - INFO - 폐흡입제_동등성_입증_가이드라인_민원인_안내서__.json: 2424개 텍스트 청크 추출
2025-07-28 07:29:58,700 - INFO - 폐흡입제_품질_가이드라인_민원인_안내서____개정.json: 2951개 텍스트 청크 추출
2025-07-28 07:29:58,726 - INFO - 폴리디옥사논봉합사의국제표준화기술문서_STED_작성가이드라인.json: 11221개 텍스트 청크 추출
2025-07-28 07:29:58,740 - INFO - 폴리프로필렌봉합사기술문서작성을위한가이드라인.json: 3919개 텍스트 청크 추출
2025-07-28 07:29:58,744 - INFO - 품질협약에_의한_의약품_위_수탁_제조_가이드라인.json: 1378개 텍스트 청크 추출
2025-07-28 07:29:58,770 - INFO - 풍선확장식관상동맥관류형혈관형성술용카테터의_국제표준화기술문서_STED__작성_가이드라인_민원인_안내서_.json: 10778개 텍스트 청크 추출
2025-07-28 07:29:58,779 - INFO - 풍선확장식혈관성형술용카테터_허가심사_가이드라인.json: 3081개 텍스트 청크 추출
2025-07-28 07:29:58,804 - INFO - 플라즈마를_이용한_창상치료용_이학진료용기기_안전성_성능_및_임상시험계획서_평가_가이드라인_민원인_안내서_.json: 7256개 텍스트 청크 추출
2025-07-28 07:29:58,810 - INFO - 피부에_사용하는_플라즈마_발생_의료기기에_대한_허가심사_가이드라인.json: 1443개 텍스트 청크 추출
2025-07-28 07:29:58,821 - INFO - 피부저항측정기의_기술문서_작성을_위한_가이드라인_민원인_안내서_.json: 3804개 텍스트 청크 추출
2025-07-28 07:29:58,823 - INFO - 한벌구성의료기기_허가_인증__심사_가이드라인_민원인_안내서_.json: 576개 텍스트 청크 추출
2025-07-28 07:29:58,831 - INFO - 한약_생약_제제_동등성시험_결과보고서_심사_수행절차_공무원지침서_.json: 2193개 텍스트 청크 추출
2025-07-28 07:29:58,998 - INFO - 한약_생약_제제_등의_심사분야_질의응답집_민원인안내서_.json: 7341개 텍스트 청크 추출
2025-07-28 07:29:59,003 - INFO - 한약_생약_제제_성분별_사용상의_주의사항_가이드라인_민원인안내서_.json: 1446개 텍스트 청크 추출
2025-07-28 07:29:59,004 - INFO - 한약_안전사용지침_-_주사_웅황.json: 259개 텍스트 청크 추출
2025-07-28 07:29:59,035 - INFO - 한약재_제조_및_품질관리기준_GMP__해설서_민원인_안내서_.json: 11760개 텍스트 청크 추출
2025-07-28 07:29:59,054 - INFO - 한약재_품목_허가_신고_안내서_민원인_안내서_.json: 6686개 텍스트 청크 추출
2025-07-28 07:29:59,060 - INFO - 함량이_다른_경구용_고형제제의_생동성시험_가이드라인_3개정_.json: 1412개 텍스트 청크 추출
2025-07-28 07:29:59,063 - INFO - 합성_올리고뉴클레오티드_임상시험용의약품_품질_가이드라인.json: 902개 텍스트 청크 추출
2025-07-28 07:29:59,090 - INFO - 합성골이식재의_국제표준화기술문서_작성_가이드라인_민원인안내서_.json: 11518개 텍스트 청크 추출
2025-07-28 07:29:59,093 - INFO - 항생제_급성세균성피부및피부구조감염_가이드라인_안내서.json: 1149개 텍스트 청크 추출
2025-07-28 07:29:59,096 - INFO - 항생제_복잡성요로감염_가이드라인_안내서.json: 1192개 텍스트 청크 추출
2025-07-28 07:29:59,099 - INFO - 항생제_원내감염세균성폐렴_인공호흡기관련세균성폐렴_가이드라인_안내서_최종.json: 1164개 텍스트 청크 추출
2025-07-28 07:29:59,104 - INFO - 항생제_임상시험_가이드라인_안내서.json: 1557개 텍스트 청크 추출
2025-07-28 07:29:59,107 - INFO - 항생제_지역사회획득세균성폐렴_가이드라인_안내서.json: 1261개 텍스트 청크 추출
2025-07-28 07:29:59,111 - INFO - 항암제_비임상시험_가이드라인_질의응답집.json: 1622개 텍스트 청크 추출
2025-07-28 07:29:59,145 - INFO - 항응고제포함혈액저장용기의_국제표준화기술문서_STED__작성_가이드라인_민원인_안내서_.json: 14529개 텍스트 청크 추출
2025-07-28 07:29:59,157 - INFO - 핵산_제자리부합_검사용_염색시약_허가심사_민원인_안내서.json: 3458개 텍스트 청크 추출
2025-07-28 07:29:59,180 - INFO - 헤모필루스_인플루엔자비형_단백접합백신의_기준_및_시험방법_작성_해설서_안내서-0277-01_.json: 7932개 텍스트 청크 추출
2025-07-28 07:29:59,184 - INFO - 혁신의료기기_단계별_심사_가이드라인.json: 1414개 텍스트 청크 추출
2025-07-28 07:29:59,192 - INFO - 혁신의료기기_시판_후_조사_가이드라인_민원인_안내서_.json: 2437개 텍스트 청크 추출
2025-07-28 07:29:59,194 - INFO - 혁신의료기기소프트웨어_중대한_변경대상_가이드라인.json: 637개 텍스트 청크 추출
2025-07-28 07:29:59,199 - INFO - 혁신의료기기소프트웨어제조기업_인증업체의_시판_후_안전성유효성_자료_보고_가이드라인_민원인안내서__개정.json: 1852개 텍스트 청크 추출
2025-07-28 07:29:59,202 - INFO - 혁신의료기기의_시판_후_조사_자료_검토에_관한_업무_지침.json: 843개 텍스트 청크 추출
2025-07-28 07:29:59,214 - INFO - 혈관내가이딩용카테터의_인증_및_기술문서_작성을_위한_가이드라인_민원인_안내서_.json: 3995개 텍스트 청크 추출
2025-07-28 07:29:59,226 - INFO - 혈관내튜브_카테터의_인증_및_기술문서_작성을_위한_가이드라인_민원인_안내서_.json: 3662개 텍스트 청크 추출
2025-07-28 07:29:59,240 - INFO - 혈관용스텐트_기술문서_작성을_위한_가이드라인_민원인_안내서_.json: 4591개 텍스트 청크 추출
2025-07-28 07:29:59,251 - INFO - 혈관카테터안내선의_인증_및_기술문서_작성을_위한_가이드라인_민원인_안내서_.json: 3865개 텍스트 청크 추출
2025-07-28 07:29:59,265 - INFO - 혈압감시기의_기술문서_작성을_위한_가이드라인_민원안내서_.json: 4508개 텍스트 청크 추출
2025-07-28 07:29:59,273 - INFO - 혈액_처리용_기구_물리화학적_특성에_관한_심사_가이드라인.json: 2808개 텍스트 청크 추출
2025-07-28 07:29:59,288 - INFO - 혈액냉동고_기술문서_작성을_위한_가이드라인.json: 4877개 텍스트 청크 추출
2025-07-28 07:29:59,300 - INFO - 혈액응고인자_제제_제VIII인자__제IX인자__임상시험_가이드라인_민원인안내서_.json: 2172개 텍스트 청크 추출
2025-07-28 07:29:59,302 - INFO - 혈액제제_GMP_적합판정_및_적합판정서_발급_관련_업무처리방안_공무원지침서_.json: 605개 텍스트 청크 추출
2025-07-28 07:29:59,310 - INFO - 혈액제제_심사자료_작성_시_고려사항_민원인_안내서_.json: 2733개 텍스트 청크 추출
2025-07-28 07:29:59,320 - INFO - 혈액제제GMP평가지침_공무원지침서_.json: 3516개 텍스트 청크 추출
2025-07-28 07:29:59,325 - INFO - 혈장분획제제_등_바이러스_검증_평가_가이드라인_2021_.json: 1729개 텍스트 청크 추출
2025-07-28 07:29:59,333 - INFO - 혈장분획제제_자가_기준_및_시험방법_작성_해설서_민원인_안내서_.json: 2763개 텍스트 청크 추출
2025-07-28 07:29:59,363 - INFO - 혈장분획제제_제조공정_중_감염성_프리온_단백_제거_검증_가이드라인_민원인안내서_.json: 10793개 텍스트 청크 추출
2025-07-28 07:29:59,382 - INFO - 화장품_위해평가_가이드라인_민원인_안내서_.json: 6064개 텍스트 청크 추출
2025-07-28 07:29:59,541 - INFO - 확장보관온도조건_ECTC_에서_사용하는_백신의_안정성_평가_가이드라인_민원인_안내서_.json: 3207개 텍스트 청크 추출
2025-07-28 07:29:59,544 - INFO - 환자_맞춤형_3D_바이오프린팅_기술적용_융복합제제_비임상_평가_가이드라인.json: 1187개 텍스트 청크 추출
2025-07-28 07:29:59,559 - INFO - 환자감시장치의_기술문서_작성을_위한_가이드라인_민원인안내서_.json: 4774개 텍스트 청크 추출
2025-07-28 07:29:59,572 - INFO - 휠체어동력보조장치_허가_인증_심사_가이드라인.json: 4221개 텍스트 청크 추출
2025-07-28 07:29:59,579 - INFO - 휴대용_공기_산소의_기준_규격에_대한_가이드라인_민원인_안내서_.json: 2083개 텍스트 청크 추출
2025-07-28 07:29:59,589 - INFO - 휴대용_뇌출혈_진단기기_안전성_성능_및_임상시험계획서_평가_가이드라인_민원인_안내서_.json: 2392개 텍스트 청크 추출
2025-07-28 07:29:59,606 - INFO - 휴대용_초음파_진단기기의_안전성_및_성능_평가_시험방법_가이드라인_민원인_안내서_.json: 5104개 텍스트 청크 추출
2025-07-28 07:29:59,619 - INFO - 휴대형의료영상전송장치소프트웨어의_기술문서_작성을_위한_가이드라인_민원인_안내서_.json: 3992개 텍스트 청크 추출
2025-07-28 07:29:59,668 - INFO - 흡수성관상동맥용스텐트_안전성_및_성능_평가_가이드라인_민원인안내서_.json: 14381개 텍스트 청크 추출
2025-07-28 07:29:59,686 - INFO - 흡수성마그네슘합금을_이용한_정형용_이식의료기기_허가심사가이드라인_민원인안내서_.json: 4578개 텍스트 청크 추출
2025-07-28 07:29:59,712 - INFO - 흡수성체내용지혈용품의_국제표준화기술문서_STED__작성_가이드라인.json: 10606개 텍스트 청크 추출
2025-07-28 07:29:59,720 - INFO - 희소의료기기_지정신청_자료_작성_고려사항_민원인안내서__공개본_.json: 2805개 텍스트 청크 추출
2025-07-28 07:29:59,726 - INFO - 10__줄기세포치료제_품질__비임상_및_임상_평가_가이드라인_2018_.json: 1879개 텍스트 청크 추출
2025-07-28 07:29:59,760 - INFO - 2023_자주하는_질문집_의료기기_분야__최종본.json: 7986개 텍스트 청크 추출
2025-07-28 07:29:59,765 - INFO - GRP-MaPP-심사기준-17_이화학적동등성시험_심사자료_평가시_일반적_고려사항_5개정_.json: 1335개 텍스트 청크 추출
2025-07-28 07:29:59,772 - INFO - GRP-MaPP-허가업무-04_원료의약품_등록_및_변경등록_업무__5개정_.json: 2131개 텍스트 청크 추출
2025-07-28 07:29:59,779 - INFO - 의료용_압력분산_매트리스_욕창_예방_방석__성능평가_가이드라인_민원인_안내서_.json: 2145개 텍스트 청크 추출
2025-07-28 07:29:59,786 - INFO - 제조지원설비_등_밸리데이션_프로토콜_민원인_안내서_.json: 1648개 텍스트 청크 추출
2025-07-28 07:29:59,786 - INFO - 주사기_이물_저감화_매뉴얼_웹용_.json: 1개 텍스트 청크 추출
2025-07-28 07:29:59,786 - INFO - 총 2897108개 텍스트 청크 추출 완료
2025-07-28 07:29:59,896 - INFO - 임베딩 생성 시작: 2897108개 텍스트
